{"logTime": "0211/120032", "correlationVector":"CqKYUxts3n2AnkV1Ld+P0o.1","action":"SyncServerConnectionManagerRequest", "result":"SYNC_SERVER_OK", "context":{"environment":"Prod_francecentral_prod-s01-062-eur-francecentral", "migrationStage":"NotStarted", "server":"akswtt00400001g"}}
{"logTime": "0211/120032", "correlationVector":"Xb+Q91Y+8ILfcypz0VbmnV","action":"SyncServerConnectionManagerRequest", "result":"SYNC_SERVER_OK", "context":{"environment":"", "migrationStage":"", "server":""}}
{"logTime": "0211/120032", "correlationVector":"CqKYUxts3n2AnkV1Ld+P0o","action":"Initial GetUpdates", "result":"", "context":Reason: NEW_CLIENT. cV=CqKYUxts3n2AnkV1Ld+P0o}
{"logTime": "0211/120032", "correlationVector":"CqKYUxts3n2AnkV1Ld+P0o.2","action":"GetUpdates Response", "result":"Success", "context":Received 1 update(s). cV=CqKYUxts3n2AnkV1Ld+P0o.0;server=akswtt00400001g;cloudType=Consumer;environment=Prod_francecentral_prod-s01-062-eur-francecentral;migrationStage=NotStarted}
{"logTime": "0211/120032", "correlationVector":"1WCsqM8MfG+x4ccGsgi2MX","action":"Initial GetUpdates", "result":"", "context":Reason: NEWLY_SUPPORTED_DATATYPE. cV=1WCsqM8MfG+x4ccGsgi2MX}
{"logTime": "0211/120032", "correlationVector":"1WCsqM8MfG+x4ccGsgi2MX.1","action":"SyncServerConnectionManagerRequest", "result":"SYNC_SERVER_OK", "context":{"environment":"Prod_francecentral_prod-s01-062-eur-francecentral", "migrationStage":"NotStarted", "server":"akswtt00400006c"}}
{"logTime": "0211/120032", "correlationVector":"1WCsqM8MfG+x4ccGsgi2MX.2","action":"GetUpdates Response", "result":"Success", "context":Received 28 update(s). cV=1WCsqM8MfG+x4ccGsgi2MX.0;server=akswtt00400006c;cloudType=Consumer;environment=Prod_francecentral_prod-s01-062-eur-francecentral;migrationStage=NotStarted}
{"logTime": "0211/120032", "correlationVector":"YQ1ubAzeqSKw/8701vI+6R","action":"Initial GetUpdates", "result":"", "context":Reason: NEWLY_SUPPORTED_DATATYPE. cV=YQ1ubAzeqSKw/8701vI+6R}
{"logTime": "0211/120033", "correlationVector":"YQ1ubAzeqSKw/8701vI+6R.1","action":"SyncServerConnectionManagerRequest", "result":"SYNC_SERVER_OK", "context":{"environment":"Prod_francecentral_prod-s01-062-eur-francecentral", "migrationStage":"NotStarted", "server":"akswtt00400002w"}}
{"logTime": "0211/120033", "correlationVector":"YQ1ubAzeqSKw/8701vI+6R.2","action":"GetUpdates Response", "result":"Success", "context":Received 5 update(s). cV=YQ1ubAzeqSKw/8701vI+6R.0;server=akswtt00400002w;cloudType=Consumer;environment=Prod_francecentral_prod-s01-062-eur-francecentral;migrationStage=NotStarted}
{"logTime": "0211/120033", "correlationVector":"G+o+Zedtcf/VBgPskfs9j2","action":"Initial GetUpdates", "result":"", "context":Reason: NEWLY_SUPPORTED_DATATYPE. cV=G+o+Zedtcf/VBgPskfs9j2}
{"logTime": "0211/120033", "correlationVector":"G+o+Zedtcf/VBgPskfs9j2.1","action":"SyncServerConnectionManagerRequest", "result":"SYNC_SERVER_OK", "context":{"environment":"Prod_francecentral_prod-s01-062-eur-francecentral", "migrationStage":"NotStarted", "server":"akswtt004000027"}}
{"logTime": "0211/120033", "correlationVector":"G+o+Zedtcf/VBgPskfs9j2.2","action":"GetUpdates", "result":"DeleteReceived", "context":{"id":"d15e0084-3984-40e9-83a4-f7688239be54", "isDeleted:":"true", "version":"1734367432982"}}
{"logTime": "0211/120033", "correlationVector":"G+o+Zedtcf/VBgPskfs9j2.3","action":"GetUpdates", "result":"DeleteReceived", "context":{"id":"43674707-0a30-4247-9485-7d31256d1159", "isDeleted:":"true", "version":"1737383544238"}}
{"logTime": "0211/120033", "correlationVector":"G+o+Zedtcf/VBgPskfs9j2.4","action":"GetUpdates", "result":"DeleteReceived", "context":{"id":"29740d77-1b5d-4211-83c7-3f343e6a198d", "isDeleted:":"true", "version":"1737998629209"}}
{"logTime": "0211/120033", "correlationVector":"G+o+Zedtcf/VBgPskfs9j2.5","action":"GetUpdates", "result":"DeleteReceived", "context":{"id":"7577879a-94ee-48c3-8b68-53e645cae7bb", "isDeleted:":"true", "version":"1738608963866"}}
{"logTime": "0211/120033", "correlationVector":"G+o+Zedtcf/VBgPskfs9j2.6","action":"GetUpdates", "result":"DeleteReceived", "context":{"id":"ab7becc5-45ca-422c-83d2-678de47e97bf", "isDeleted:":"true", "version":"1738620303184"}}
{"logTime": "0211/120033", "correlationVector":"G+o+Zedtcf/VBgPskfs9j2.7","action":"GetUpdates", "result":"DeleteReceived", "context":{"id":"26121b50-5825-49e9-beb3-bb09e795edfe", "isDeleted:":"true", "version":"1738625930140"}}
{"logTime": "0211/120033", "correlationVector":"G+o+Zedtcf/VBgPskfs9j2.8","action":"GetUpdates", "result":"DeleteReceived", "context":{"id":"fdc5ce64-1a8e-4211-8816-8843c5a543c1", "isDeleted:":"true", "version":"1738679384789"}}
{"logTime": "0211/120033", "correlationVector":"G+o+Zedtcf/VBgPskfs9j2.9","action":"GetUpdates", "result":"DeleteReceived", "context":{"id":"cb8f3517-4b2d-4d50-aa6e-532054a5706f", "isDeleted:":"true", "version":"1738679609762"}}
{"logTime": "0211/120033", "correlationVector":"G+o+Zedtcf/VBgPskfs9j2.10","action":"GetUpdates", "result":"DeleteReceived", "context":{"id":"31d99875-2f25-495e-a4c7-805755724a02", "isDeleted:":"true", "version":"1738682734912"}}
{"logTime": "0211/120033", "correlationVector":"G+o+Zedtcf/VBgPskfs9j2.11","action":"GetUpdates", "result":"DeleteReceived", "context":{"id":"802b815a-2867-43a0-b4f4-5c5f972bb5de", "isDeleted:":"true", "version":"1738683825578"}}
{"logTime": "0211/120033", "correlationVector":"G+o+Zedtcf/VBgPskfs9j2.12","action":"GetUpdates", "result":"DeleteReceived", "context":{"id":"ed2138c4-757d-4685-bea3-f3c3bba96048", "isDeleted:":"true", "version":"1738685112828"}}
{"logTime": "0211/120033", "correlationVector":"G+o+Zedtcf/VBgPskfs9j2.13","action":"GetUpdates", "result":"DeleteReceived", "context":{"id":"98d3bf3d-3d65-4163-be86-1e01355e9e1d", "isDeleted:":"true", "version":"1738685112829"}}
{"logTime": "0211/120033", "correlationVector":"G+o+Zedtcf/VBgPskfs9j2.14","action":"GetUpdates", "result":"DeleteReceived", "context":{"id":"263f06f4-805f-4855-8d69-fa0141a01e7c", "isDeleted:":"true", "version":"1738712540086"}}
{"logTime": "0211/120033", "correlationVector":"G+o+Zedtcf/VBgPskfs9j2.15","action":"GetUpdates", "result":"DeleteReceived", "context":{"id":"0e274cb7-bd59-43ed-8c03-e2883255498b", "isDeleted:":"true", "version":"1738771564782"}}
{"logTime": "0211/120033", "correlationVector":"G+o+Zedtcf/VBgPskfs9j2.16","action":"GetUpdates", "result":"DeleteReceived", "context":{"id":"10677679-5a5f-4a72-91b7-a93b1d0d44af", "isDeleted:":"true", "version":"1738858882564"}}
{"logTime": "0211/120033", "correlationVector":"G+o+Zedtcf/VBgPskfs9j2.17","action":"GetUpdates", "result":"DeleteReceived", "context":{"id":"a1670de5-3cf6-4ef9-8823-2911d5b69a63", "isDeleted:":"true", "version":"1738859435875"}}
{"logTime": "0211/120033", "correlationVector":"G+o+Zedtcf/VBgPskfs9j2.18","action":"GetUpdates", "result":"DeleteReceived", "context":{"id":"320b81e2-bf2c-4716-bb24-3670bff902c5", "isDeleted:":"true", "version":"1738861458986"}}
{"logTime": "0211/120033", "correlationVector":"G+o+Zedtcf/VBgPskfs9j2.19","action":"GetUpdates", "result":"DeleteReceived", "context":{"id":"67f0e6ae-f95f-4f1c-87bb-635cce01306d", "isDeleted:":"true", "version":"1738862104290"}}
{"logTime": "0211/120033", "correlationVector":"G+o+Zedtcf/VBgPskfs9j2.20","action":"GetUpdates", "result":"DeleteReceived", "context":{"id":"66ac24bb-7584-47bd-83da-c637572d7331", "isDeleted:":"true", "version":"1738945717248"}}
{"logTime": "0211/120033", "correlationVector":"G+o+Zedtcf/VBgPskfs9j2.21","action":"GetUpdates", "result":"DeleteReceived", "context":{"id":"2cfdffd0-e26f-4e55-9d60-935c5e4d854f", "isDeleted:":"true", "version":"1738972544273"}}
{"logTime": "0211/120033", "correlationVector":"G+o+Zedtcf/VBgPskfs9j2.22","action":"GetUpdates Response", "result":"Success", "context":Received 39 update(s). cV=G+o+Zedtcf/VBgPskfs9j2.0;server=akswtt004000027;cloudType=Consumer;environment=Prod_francecentral_prod-s01-062-eur-francecentral;migrationStage=NotStarted}
{"logTime": "0211/120033", "correlationVector":"j8ArXijmKL75u6DtSrzx6j","action":"Initial GetUpdates", "result":"", "context":Reason: NEWLY_SUPPORTED_DATATYPE. cV=j8ArXijmKL75u6DtSrzx6j}
{"logTime": "0211/120033", "correlationVector":"j8ArXijmKL75u6DtSrzx6j.1","action":"SyncServerConnectionManagerRequest", "result":"SYNC_SERVER_OK", "context":{"environment":"Prod_francecentral_prod-s01-062-eur-francecentral", "migrationStage":"NotStarted", "server":"akswtt00400006u"}}
{"logTime": "0211/120034", "correlationVector":"j8ArXijmKL75u6DtSrzx6j.2","action":"GetUpdates Response", "result":"Success", "context":Received 227 update(s). cV=j8ArXijmKL75u6DtSrzx6j.0;server=akswtt00400006u;cloudType=Consumer;environment=Prod_francecentral_prod-s01-062-eur-francecentral;migrationStage=NotStarted}
{"logTime": "0211/120034", "correlationVector":"EWXhX4jrS/JMTdIDLw+CVG","action":"Normal GetUpdate request", "result":"", "context":cV=EWXhX4jrS/JMTdIDLw+CVG
Nudged types: Sessions, Device Info, User Consents
Refresh requested types: Bookmarks, Preferences, Passwords, Autofill Profiles, Autofill, Extensions, Sessions, Extension settings, History Delete Directives, Device Info, User Consents, Send Tab To Self, Web Apps, History, Collection, Edge E Drop, Edge Hub App Usage, Edge Tab Group, Edge Wallet, Encryption Keys}
{"logTime": "0211/120034", "correlationVector":"EWXhX4jrS/JMTdIDLw+CVG.1","action":"SyncServerConnectionManagerRequest", "result":"SYNC_SERVER_OK", "context":{"environment":"Prod_francecentral_prod-s01-062-eur-francecentral", "migrationStage":"NotStarted", "server":"akswtt00400006c"}}
{"logTime": "0211/120034", "correlationVector":"EWXhX4jrS/JMTdIDLw+CVG.2","action":"GetUpdates Response", "result":"Success", "context":Received 0 update(s). cV=EWXhX4jrS/JMTdIDLw+CVG.0;server=akswtt00400006c;cloudType=Consumer;environment=Prod_francecentral_prod-s01-062-eur-francecentral;migrationStage=NotStarted}
{"logTime": "0211/120034", "correlationVector":"zf56qRmHs6NK1u9IGRM7ut","action":"DoCompareDataConsistency requsted types: ", "result":"Bookmarks, Preferences, Passwords, Extensions, Extension settings, History Delete Directives, Send Tab To Self, Web Apps, History, Collection, Edge E Drop, Edge Tab Group, Edge Wallet, Encryption Keys"}
{"logTime": "0211/120034", "correlationVector":"zf56qRmHs6NK1u9IGRM7ut.0","action":"CompareDataConsistency result: ", "result":"Compare result: Encryption Keys is consistent. local entities count is: 1 local entities hash is: HMrAtORMLSHlRyVw2AxEB1N+cus="}
{"logTime": "0211/120034", "correlationVector":"zf56qRmHs6NK1u9IGRM7ut.1","action":"CompareDataConsistency result: ", "result":"Compare result: Bookmarks is consistent. local entities count is: 3 local entities hash is: 1MJn7rd2tsALMg9gvb0dGLikpNI="}
{"logTime": "0211/120034", "correlationVector":"zf56qRmHs6NK1u9IGRM7ut.2","action":"CompareDataConsistency result: ", "result":"Compare result: Preferences is consistent. local entities count is: 24 local entities hash is: e95b61bT4kPSOf9Zv7Enbs3aqRw="}
{"logTime": "0211/120034", "correlationVector":"zf56qRmHs6NK1u9IGRM7ut.3","action":"CompareDataConsistency result: ", "result":"Compare result: Extensions is consistent. local entities count is: 0 local entities hash is: "}
{"logTime": "0211/120034", "correlationVector":"zf56qRmHs6NK1u9IGRM7ut.4","action":"CompareDataConsistency result: ", "result":"Compare result: Extension settings is consistent. local entities count is: 0 local entities hash is: "}
{"logTime": "0211/120034", "correlationVector":"zf56qRmHs6NK1u9IGRM7ut.5","action":"CompareDataConsistency result: ", "result":"Compare result: History Delete Directives is consistent. local entities count is: 0 local entities hash is: "}
{"logTime": "0211/120034", "correlationVector":"zf56qRmHs6NK1u9IGRM7ut.6","action":"CompareDataConsistency result: ", "result":"Server did not send this Send Tab To Self local entities count is: 0 local entities hash is: "}
{"logTime": "0211/120034", "correlationVector":"zf56qRmHs6NK1u9IGRM7ut.7","action":"CompareDataConsistency result: ", "result":"Compare result: Web Apps is consistent. local entities count is: 0 local entities hash is: "}
{"logTime": "0211/120034", "correlationVector":"zf56qRmHs6NK1u9IGRM7ut.8","action":"CompareDataConsistency result: ", "result":"Server did not send this History local entities count is: 0 local entities hash is: "}
{"logTime": "0211/120034", "correlationVector":"zf56qRmHs6NK1u9IGRM7ut.9","action":"CompareDataConsistency result: ", "result":"Compare result: Collection is consistent. local entities count is: 0 local entities hash is: "}
{"logTime": "0211/120034", "correlationVector":"zf56qRmHs6NK1u9IGRM7ut.10","action":"CompareDataConsistency result: ", "result":"Compare result: Edge E Drop is consistent. local entities count is: 0 local entities hash is: "}
{"logTime": "0211/120034", "correlationVector":"zf56qRmHs6NK1u9IGRM7ut.11","action":"CompareDataConsistency result: ", "result":"Compare result: Edge Tab Group is consistent. local entities count is: 0 local entities hash is: "}
{"logTime": "0211/120034", "correlationVector":"zf56qRmHs6NK1u9IGRM7ut.12","action":"CompareDataConsistency result: ", "result":"Compare result: Edge Wallet is consistent. local entities count is: 0 local entities hash is: "}
{"logTime": "0211/120034", "correlationVector":"zf56qRmHs6NK1u9IGRM7ut.13","action":"CompareDataConsistency result: ", "result":"Compare result: Passwords is consistent. local entities count is: 0 local entities hash is: "}
{"logTime": "0211/120034", "correlationVector":"tl3iBEezKrYsOr3ic7uQdS","action":"Commit Request", "result":"", "context":Item count: 5
Contributing types: Sessions, Device Info, User Consents}
{"logTime": "0211/120035", "correlationVector":"tl3iBEezKrYsOr3ic7uQdS.1","action":"SyncServerConnectionManagerRequest", "result":"SYNC_SERVER_OK", "context":{"environment":"Prod_francecentral_prod-s01-062-eur-francecentral", "migrationStage":"NotStarted", "server":"akswtt00400002w"}}
{"logTime": "0211/120035", "correlationVector":"tl3iBEezKrYsOr3ic7uQdS.2","action":"Commit Response", "result":"Success", "context":Result: Success. cV=tl3iBEezKrYsOr3ic7uQdS.0;server=akswtt00400002w;cloudType=Consumer;environment=Prod_francecentral_prod-s01-062-eur-francecentral;migrationStage=NotStarted}
{"logTime": "0211/120035", "correlationVector":"","action":"DIAGNOSTIC_REQUEST|v1/diagnosticData/Diagnostic.SendCheckResult()|SUCCESS", "result":""}
{"logTime": "0211/120046", "correlationVector":"HVO0OAS9dfSFvBCqDKoy5u","action":"Commit Request", "result":"", "context":Item count: 8
Contributing types: Preferences, Sessions, History}
{"logTime": "0211/120047", "correlationVector":"HVO0OAS9dfSFvBCqDKoy5u.1","action":"SyncServerConnectionManagerRequest", "result":"SYNC_SERVER_OK", "context":{"environment":"Prod_francecentral_prod-s01-062-eur-francecentral", "migrationStage":"NotStarted", "server":"akswtt00400002n"}}
{"logTime": "0211/120047", "correlationVector":"HVO0OAS9dfSFvBCqDKoy5u.2","action":"Commit Response", "result":"Success", "context":Result: Success. cV=HVO0OAS9dfSFvBCqDKoy5u.0;server=akswtt00400002n;cloudType=Consumer;environment=Prod_francecentral_prod-s01-062-eur-francecentral;migrationStage=NotStarted}
{"logTime": "0211/161131", "correlationVector":"lXV0qUHesAb3LjtJA90ner.1","action":"SyncServerConnectionManagerRequest", "result":"SYNC_SERVER_OK", "context":{"environment":"Prod_francecentral_prod-s01-062-eur-francecentral", "migrationStage":"NotStarted", "server":"akswtt00400002l"}}
{"logTime": "0211/161131", "correlationVector":"D9m158oOgFQksQzllpnSgM","action":"SyncServerConnectionManagerRequest", "result":"SYNC_SERVER_OK", "context":{"environment":"", "migrationStage":"", "server":""}}
{"logTime": "0211/161131", "correlationVector":"lXV0qUHesAb3LjtJA90ner","action":"Initial GetUpdates", "result":"", "context":Reason: NEW_CLIENT. cV=lXV0qUHesAb3LjtJA90ner}
{"logTime": "0211/161131", "correlationVector":"lXV0qUHesAb3LjtJA90ner.2","action":"GetUpdates Response", "result":"Success", "context":Received 1 update(s). cV=lXV0qUHesAb3LjtJA90ner.0;server=akswtt00400002l;cloudType=Consumer;environment=Prod_francecentral_prod-s01-062-eur-francecentral;migrationStage=NotStarted}
{"logTime": "0211/161131", "correlationVector":"zK/Pn3ORGuRZwMBdmbOWhK","action":"Normal GetUpdate request", "result":"", "context":cV=zK/Pn3ORGuRZwMBdmbOWhK
Nudged types: Sessions, History
Refresh requested types: Bookmarks, Preferences, Passwords, Autofill Profiles, Autofill, Extensions, Sessions, Extension settings, History Delete Directives, Device Info, User Consents, Send Tab To Self, Web Apps, History, Collection, Edge E Drop, Edge Hub App Usage, Edge Tab Group, Edge Wallet, Encryption Keys}
{"logTime": "0211/161131", "correlationVector":"zK/Pn3ORGuRZwMBdmbOWhK.1","action":"SyncServerConnectionManagerRequest", "result":"SYNC_SERVER_OK", "context":{"environment":"Prod_francecentral_prod-s01-062-eur-francecentral", "migrationStage":"NotStarted", "server":"akswtt00400000u"}}
{"logTime": "0211/161131", "correlationVector":"zK/Pn3ORGuRZwMBdmbOWhK.2","action":"GetUpdates Response", "result":"Success", "context":Received 10 update(s). cV=zK/Pn3ORGuRZwMBdmbOWhK.0;server=akswtt00400000u;cloudType=Consumer;environment=Prod_francecentral_prod-s01-062-eur-francecentral;migrationStage=NotStarted}
{"logTime": "0211/161131", "correlationVector":"ADD2oamaQQ6MWP25eqd2FK","action":"Commit Request", "result":"", "context":Item count: 2
Contributing types: Sessions}
{"logTime": "0211/161132", "correlationVector":"ADD2oamaQQ6MWP25eqd2FK.1","action":"SyncServerConnectionManagerRequest", "result":"SYNC_SERVER_OK", "context":{"environment":"Prod_francecentral_prod-s01-062-eur-francecentral", "migrationStage":"NotStarted", "server":"akswtt004000041"}}
{"logTime": "0211/161132", "correlationVector":"ADD2oamaQQ6MWP25eqd2FK.2","action":"Commit Response", "result":"Success", "context":Result: Success. cV=ADD2oamaQQ6MWP25eqd2FK.0;server=akswtt004000041;cloudType=Consumer;environment=Prod_francecentral_prod-s01-062-eur-francecentral;migrationStage=NotStarted}
{"logTime": "0211/161232", "correlationVector":"/1+gr7PenfSjnKsDK56IfQ","action":"Commit Request", "result":"", "context":Item count: 17
Contributing types: Sessions, History}
{"logTime": "0211/161233", "correlationVector":"/1+gr7PenfSjnKsDK56IfQ.1","action":"SyncServerConnectionManagerRequest", "result":"SYNC_SERVER_OK", "context":{"environment":"Prod_francecentral_prod-s01-062-eur-francecentral", "migrationStage":"NotStarted", "server":"akswtt00400000d"}}
{"logTime": "0211/161233", "correlationVector":"/1+gr7PenfSjnKsDK56IfQ.2","action":"Commit Response", "result":"Success", "context":Result: Success. cV=/1+gr7PenfSjnKsDK56IfQ.0;server=akswtt00400000d;cloudType=Consumer;environment=Prod_francecentral_prod-s01-062-eur-francecentral;migrationStage=NotStarted}
{"logTime": "0211/161618", "correlationVector":"ZGhArHz6mYX4WwStWdughC","action":"Commit Request", "result":"", "context":Item count: 3
Contributing types: Sessions, History}
{"logTime": "0211/161619", "correlationVector":"ZGhArHz6mYX4WwStWdughC.1","action":"SyncServerConnectionManagerRequest", "result":"SYNC_SERVER_OK", "context":{"environment":"Prod_francecentral_prod-s01-062-eur-francecentral", "migrationStage":"NotStarted", "server":"akswtt00400002p"}}
{"logTime": "0211/161619", "correlationVector":"ZGhArHz6mYX4WwStWdughC.2","action":"Commit Response", "result":"Success", "context":Result: Success. cV=ZGhArHz6mYX4WwStWdughC.0;server=akswtt00400002p;cloudType=Consumer;environment=Prod_francecentral_prod-s01-062-eur-francecentral;migrationStage=NotStarted}
{"logTime": "0211/161731", "correlationVector":"2kCRHYUST2MJsyjT1zVzWf","action":"Commit Request", "result":"", "context":Item count: 1
Contributing types: Sessions}
{"logTime": "0211/161731", "correlationVector":"2kCRHYUST2MJsyjT1zVzWf.1","action":"SyncServerConnectionManagerRequest", "result":"SYNC_SERVER_OK", "context":{"environment":"Prod_francecentral_prod-s01-062-eur-francecentral", "migrationStage":"NotStarted", "server":"akswtt00400006n"}}
{"logTime": "0211/161731", "correlationVector":"2kCRHYUST2MJsyjT1zVzWf.2","action":"Commit Response", "result":"Success", "context":Result: Success. cV=2kCRHYUST2MJsyjT1zVzWf.0;server=akswtt00400006n;cloudType=Consumer;environment=Prod_francecentral_prod-s01-062-eur-francecentral;migrationStage=NotStarted}
{"logTime": "0212/150313", "correlationVector":"b8zeAFGMWrTCanmksMCNxO.1","action":"SyncServerConnectionManagerRequest", "result":"SYNC_SERVER_OK", "context":{"environment":"Prod_francecentral_prod-s01-062-eur-francecentral", "migrationStage":"NotStarted", "server":"akswtt00400002o"}}
{"logTime": "0212/150314", "correlationVector":"ZkaZWhb3AhwvrbzHYcOuac","action":"SyncServerConnectionManagerRequest", "result":"SYNC_SERVER_OK", "context":{"environment":"", "migrationStage":"", "server":""}}
{"logTime": "0212/150314", "correlationVector":"b8zeAFGMWrTCanmksMCNxO","action":"Initial GetUpdates", "result":"", "context":Reason: NEW_CLIENT. cV=b8zeAFGMWrTCanmksMCNxO}
{"logTime": "0212/150314", "correlationVector":"b8zeAFGMWrTCanmksMCNxO.2","action":"GetUpdates Response", "result":"Success", "context":Received 1 update(s). cV=b8zeAFGMWrTCanmksMCNxO.0;server=akswtt00400002o;cloudType=Consumer;environment=Prod_francecentral_prod-s01-062-eur-francecentral;migrationStage=NotStarted}
{"logTime": "0212/150314", "correlationVector":"CGh3wazOkvAqp/CV0CCOGG","action":"Normal GetUpdate request", "result":"", "context":cV=CGh3wazOkvAqp/CV0CCOGG
Nudged types: Sessions, Device Info, History
Refresh requested types: Bookmarks, Preferences, Passwords, Autofill Profiles, Autofill, Extensions, Sessions, Extension settings, History Delete Directives, Device Info, User Consents, Send Tab To Self, Web Apps, History, Collection, Edge E Drop, Edge Hub App Usage, Edge Tab Group, Edge Wallet, Encryption Keys}
{"logTime": "0212/150314", "correlationVector":"CGh3wazOkvAqp/CV0CCOGG.1","action":"SyncServerConnectionManagerRequest", "result":"SYNC_SERVER_OK", "context":{"environment":"Prod_francecentral_prod-s01-062-eur-francecentral", "migrationStage":"NotStarted", "server":"akswtt00400002f"}}
{"logTime": "0212/150314", "correlationVector":"CGh3wazOkvAqp/CV0CCOGG.2","action":"GetUpdates Response", "result":"Success", "context":Received 19 update(s). cV=CGh3wazOkvAqp/CV0CCOGG.0;server=akswtt00400002f;cloudType=Consumer;environment=Prod_francecentral_prod-s01-062-eur-francecentral;migrationStage=NotStarted}
{"logTime": "0212/150314", "correlationVector":"ju0ropt+qp+KGlr+eCBGvj","action":"Commit Request", "result":"", "context":Item count: 6
Contributing types: Sessions, Device Info, History}
{"logTime": "0212/150315", "correlationVector":"ju0ropt+qp+KGlr+eCBGvj.1","action":"SyncServerConnectionManagerRequest", "result":"SYNC_SERVER_OK", "context":{"environment":"Prod_francecentral_prod-s01-062-eur-francecentral", "migrationStage":"NotStarted", "server":"akswtt00400004g"}}
{"logTime": "0212/150315", "correlationVector":"ju0ropt+qp+KGlr+eCBGvj.3","action":"Commit.Sessions", "result":"Success", "context":{"id":"0bcdd14a-e9a4-4183-9460-edf219d7503f", "isDeleted":"true", "size":"0", "version":"1739290652205"}}
{"logTime": "0212/150315", "correlationVector":"ju0ropt+qp+KGlr+eCBGvj.2","action":"Commit Response", "result":"Success", "context":Result: Success. cV=ju0ropt+qp+KGlr+eCBGvj.0;server=akswtt00400004g;cloudType=Consumer;environment=Prod_francecentral_prod-s01-062-eur-francecentral;migrationStage=NotStarted}
{"logTime": "0212/150315", "correlationVector":"fj30UESYfRQCRqYsDIofDq","action":"Poll GetUpdate request", "result":"", "context":cV=fj30UESYfRQCRqYsDIofDq}
{"logTime": "0212/150315", "correlationVector":"fj30UESYfRQCRqYsDIofDq.1","action":"SyncServerConnectionManagerRequest", "result":"SYNC_SERVER_OK", "context":{"environment":"Prod_francecentral_prod-s01-062-eur-francecentral", "migrationStage":"NotStarted", "server":"akswtt00400003o"}}
{"logTime": "0212/150315", "correlationVector":"fj30UESYfRQCRqYsDIofDq.2","action":"GetUpdates", "result":"DeleteReceived", "context":{"id":"0bcdd14a-e9a4-4183-9460-edf219d7503f", "isDeleted:":"true", "version":"1739372595286"}}
{"logTime": "0212/150315", "correlationVector":"fj30UESYfRQCRqYsDIofDq.3","action":"GetUpdates Response", "result":"Success", "context":Received 6 update(s). cV=fj30UESYfRQCRqYsDIofDq.0;server=akswtt00400003o;cloudType=Consumer;environment=Prod_francecentral_prod-s01-062-eur-francecentral;migrationStage=NotStarted}
{"logTime": "0212/150335", "correlationVector":"fgpf5g3/JNexT1+QYTMBNf","action":"Commit Request", "result":"", "context":Item count: 8
Contributing types: Preferences, Sessions, History}
{"logTime": "0212/150336", "correlationVector":"fgpf5g3/JNexT1+QYTMBNf.1","action":"SyncServerConnectionManagerRequest", "result":"SYNC_SERVER_OK", "context":{"environment":"Prod_francecentral_prod-s01-062-eur-francecentral", "migrationStage":"NotStarted", "server":"akswtt00400002x"}}
{"logTime": "0212/150336", "correlationVector":"fgpf5g3/JNexT1+QYTMBNf.2","action":"Commit Response", "result":"Success", "context":Result: Success. cV=fgpf5g3/JNexT1+QYTMBNf.0;server=akswtt00400002x;cloudType=Consumer;environment=Prod_francecentral_prod-s01-062-eur-francecentral;migrationStage=NotStarted}
{"logTime": "0212/152427", "correlationVector":"NNU5qfpWywr4VxzEiZOM8q","action":"Commit Request", "result":"", "context":Item count: 6
Contributing types: Sessions, History}
{"logTime": "0212/152428", "correlationVector":"NNU5qfpWywr4VxzEiZOM8q.1","action":"SyncServerConnectionManagerRequest", "result":"SYNC_SERVER_OK", "context":{"environment":"Prod_francecentral_prod-s01-062-eur-francecentral", "migrationStage":"NotStarted", "server":"akswtt00400000r"}}
{"logTime": "0212/152428", "correlationVector":"NNU5qfpWywr4VxzEiZOM8q.2","action":"Commit Response", "result":"Success", "context":Result: Success. cV=NNU5qfpWywr4VxzEiZOM8q.0;server=akswtt00400000r;cloudType=Consumer;environment=Prod_francecentral_prod-s01-062-eur-francecentral;migrationStage=NotStarted}
{"logTime": "0212/152557", "correlationVector":"VsLsO6WZxhVsctQulPalIh","action":"Commit Request", "result":"", "context":Item count: 4
Contributing types: Sessions, History}
{"logTime": "0212/152558", "correlationVector":"VsLsO6WZxhVsctQulPalIh.1","action":"SyncServerConnectionManagerRequest", "result":"SYNC_SERVER_OK", "context":{"environment":"Prod_francecentral_prod-s01-062-eur-francecentral", "migrationStage":"NotStarted", "server":"akswtt00400002e"}}
{"logTime": "0212/152558", "correlationVector":"VsLsO6WZxhVsctQulPalIh.2","action":"Commit Response", "result":"Success", "context":Result: Success. cV=VsLsO6WZxhVsctQulPalIh.0;server=akswtt00400002e;cloudType=Consumer;environment=Prod_francecentral_prod-s01-062-eur-francecentral;migrationStage=NotStarted}
{"logTime": "0212/153604", "correlationVector":"ehWz3QDtG0zcQlISZse0iT","action":"Commit Request", "result":"", "context":Item count: 5
Contributing types: Sessions, History}
{"logTime": "0212/153604", "correlationVector":"ehWz3QDtG0zcQlISZse0iT.1","action":"SyncServerConnectionManagerRequest", "result":"SYNC_SERVER_OK", "context":{"environment":"Prod_francecentral_prod-s01-062-eur-francecentral", "migrationStage":"NotStarted", "server":"akswtt004000041"}}
{"logTime": "0212/153604", "correlationVector":"ehWz3QDtG0zcQlISZse0iT.2","action":"Commit Response", "result":"Success", "context":Result: Success. cV=ehWz3QDtG0zcQlISZse0iT.0;server=akswtt004000041;cloudType=Consumer;environment=Prod_francecentral_prod-s01-062-eur-francecentral;migrationStage=NotStarted}
{"logTime": "0212/154911", "correlationVector":"EUTqjbW0dLF4y5oGNe2mcJ","action":"Commit Request", "result":"", "context":Item count: 3
Contributing types: Sessions, History}
{"logTime": "0212/154912", "correlationVector":"EUTqjbW0dLF4y5oGNe2mcJ.1","action":"SyncServerConnectionManagerRequest", "result":"SYNC_SERVER_OK", "context":{"environment":"Prod_francecentral_prod-s01-062-eur-francecentral", "migrationStage":"NotStarted", "server":"akswtt00400001y"}}
{"logTime": "0212/154912", "correlationVector":"EUTqjbW0dLF4y5oGNe2mcJ.2","action":"Commit Response", "result":"Success", "context":Result: Success. cV=EUTqjbW0dLF4y5oGNe2mcJ.0;server=akswtt00400001y;cloudType=Consumer;environment=Prod_francecentral_prod-s01-062-eur-francecentral;migrationStage=NotStarted}
{"logTime": "0212/233801", "correlationVector":"pckzhvMlv0eCddX2i1+V4E.1","action":"SyncServerConnectionManagerRequest", "result":"SYNC_SERVER_OK", "context":{"environment":"Prod_francecentral_prod-s01-062-eur-francecentral", "migrationStage":"NotStarted", "server":"akswtt00400000r"}}
{"logTime": "0212/233802", "correlationVector":"Z0s+qxBXmvtjnCkF7g6GqQ","action":"SyncServerConnectionManagerRequest", "result":"SYNC_SERVER_OK", "context":{"environment":"", "migrationStage":"", "server":""}}
{"logTime": "0212/233802", "correlationVector":"pckzhvMlv0eCddX2i1+V4E","action":"Initial GetUpdates", "result":"", "context":Reason: NEW_CLIENT. cV=pckzhvMlv0eCddX2i1+V4E}
{"logTime": "0212/233802", "correlationVector":"pckzhvMlv0eCddX2i1+V4E.2","action":"GetUpdates Response", "result":"Success", "context":Received 1 update(s). cV=pckzhvMlv0eCddX2i1+V4E.0;server=akswtt00400000r;cloudType=Consumer;environment=Prod_francecentral_prod-s01-062-eur-francecentral;migrationStage=NotStarted}
{"logTime": "0212/233802", "correlationVector":"dpiIWqHSNoJnd3MIsqmDcg","action":"Normal GetUpdate request", "result":"", "context":cV=dpiIWqHSNoJnd3MIsqmDcg
Nudged types: Sessions, History
Refresh requested types: Bookmarks, Preferences, Passwords, Autofill Profiles, Autofill, Extensions, Sessions, Extension settings, History Delete Directives, Device Info, User Consents, Send Tab To Self, Web Apps, History, Collection, Edge E Drop, Edge Hub App Usage, Edge Tab Group, Edge Wallet, Encryption Keys}
{"logTime": "0212/233802", "correlationVector":"dpiIWqHSNoJnd3MIsqmDcg.1","action":"SyncServerConnectionManagerRequest", "result":"SYNC_SERVER_OK", "context":{"environment":"Prod_francecentral_prod-s01-062-eur-francecentral", "migrationStage":"NotStarted", "server":"akswtt00400001e"}}
{"logTime": "0212/233802", "correlationVector":"dpiIWqHSNoJnd3MIsqmDcg.2","action":"GetUpdates", "result":"DeleteReceived", "context":{"id":"7b881ab9-b377-4081-a7e8-ad379bd161d1", "isDeleted:":"true", "version":"1739376497938"}}
{"logTime": "0212/233802", "correlationVector":"dpiIWqHSNoJnd3MIsqmDcg.3","action":"GetUpdates Response", "result":"Success", "context":Received 36 update(s). cV=dpiIWqHSNoJnd3MIsqmDcg.0;server=akswtt00400001e;cloudType=Consumer;environment=Prod_francecentral_prod-s01-062-eur-francecentral;migrationStage=NotStarted}
{"logTime": "0212/233802", "correlationVector":"x6eIRz7Rk5T1iKcKQ9XRz+","action":"Poll GetUpdate request", "result":"", "context":cV=x6eIRz7Rk5T1iKcKQ9XRz+}
{"logTime": "0212/233803", "correlationVector":"x6eIRz7Rk5T1iKcKQ9XRz+.1","action":"SyncServerConnectionManagerRequest", "result":"SYNC_SERVER_OK", "context":{"environment":"Prod_francecentral_prod-s01-062-eur-francecentral", "migrationStage":"NotStarted", "server":"akswtt004000067"}}
{"logTime": "0212/233803", "correlationVector":"x6eIRz7Rk5T1iKcKQ9XRz+.2","action":"GetUpdates Response", "result":"Success", "context":Received 0 update(s). cV=x6eIRz7Rk5T1iKcKQ9XRz+.0;server=akswtt004000067;cloudType=Consumer;environment=Prod_francecentral_prod-s01-062-eur-francecentral;migrationStage=NotStarted}
{"logTime": "0212/233908", "correlationVector":"/yvw8cXjWAr0EgEFoaTIg7","action":"Commit Request", "result":"", "context":Item count: 8
Contributing types: Sessions, History}
{"logTime": "0212/233909", "correlationVector":"/yvw8cXjWAr0EgEFoaTIg7.1","action":"SyncServerConnectionManagerRequest", "result":"SYNC_SERVER_OK", "context":{"environment":"Prod_francecentral_prod-s01-062-eur-francecentral", "migrationStage":"NotStarted", "server":"akswtt00400001e"}}
{"logTime": "0212/233909", "correlationVector":"/yvw8cXjWAr0EgEFoaTIg7.2","action":"Commit Response", "result":"Success", "context":Result: Success. cV=/yvw8cXjWAr0EgEFoaTIg7.0;server=akswtt00400001e;cloudType=Consumer;environment=Prod_francecentral_prod-s01-062-eur-francecentral;migrationStage=NotStarted}
{"logTime": "0212/234041", "correlationVector":"2Fyu/tXqlM6bnfFsQxUVBd","action":"Commit Request", "result":"", "context":Item count: 3
Contributing types: Sessions, History}
{"logTime": "0212/234042", "correlationVector":"2Fyu/tXqlM6bnfFsQxUVBd.1","action":"SyncServerConnectionManagerRequest", "result":"SYNC_SERVER_OK", "context":{"environment":"Prod_francecentral_prod-s01-062-eur-francecentral", "migrationStage":"NotStarted", "server":"akswtt00400002n"}}
{"logTime": "0212/234042", "correlationVector":"2Fyu/tXqlM6bnfFsQxUVBd.2","action":"Commit Response", "result":"Success", "context":Result: Success. cV=2Fyu/tXqlM6bnfFsQxUVBd.0;server=akswtt00400002n;cloudType=Consumer;environment=Prod_francecentral_prod-s01-062-eur-francecentral;migrationStage=NotStarted}
{"logTime": "0213/165234", "correlationVector":"l9FIXbYrXG89JWtJBKJ+/j.1","action":"SyncServerConnectionManagerRequest", "result":"SYNC_SERVER_OK", "context":{"environment":"Prod_francecentral_prod-s01-062-eur-francecentral", "migrationStage":"NotStarted", "server":"akswtt004000067"}}
{"logTime": "0213/165234", "correlationVector":"xKWbuUZH6NMh1rV4KgJc3i","action":"SyncServerConnectionManagerRequest", "result":"SYNC_SERVER_OK", "context":{"environment":"", "migrationStage":"", "server":""}}
{"logTime": "0213/165234", "correlationVector":"l9FIXbYrXG89JWtJBKJ+/j","action":"Initial GetUpdates", "result":"", "context":Reason: NEW_CLIENT. cV=l9FIXbYrXG89JWtJBKJ+/j}
{"logTime": "0213/165234", "correlationVector":"l9FIXbYrXG89JWtJBKJ+/j.2","action":"GetUpdates Response", "result":"Success", "context":Received 1 update(s). cV=l9FIXbYrXG89JWtJBKJ+/j.0;server=akswtt004000067;cloudType=Consumer;environment=Prod_francecentral_prod-s01-062-eur-francecentral;migrationStage=NotStarted}
{"logTime": "0213/165234", "correlationVector":"ChCU0cKxjqL1xkuMRKyf6G","action":"Normal GetUpdate request", "result":"", "context":cV=ChCU0cKxjqL1xkuMRKyf6G
Nudged types: Sessions, Device Info, History
Refresh requested types: Bookmarks, Preferences, Passwords, Autofill Profiles, Autofill, Extensions, Sessions, Extension settings, History Delete Directives, Device Info, User Consents, Send Tab To Self, Web Apps, History, Collection, Edge E Drop, Edge Hub App Usage, Edge Tab Group, Edge Wallet, Encryption Keys}
{"logTime": "0213/165235", "correlationVector":"ChCU0cKxjqL1xkuMRKyf6G.1","action":"SyncServerConnectionManagerRequest", "result":"SYNC_SERVER_OK", "context":{"environment":"Prod_francecentral_prod-s01-062-eur-francecentral", "migrationStage":"NotStarted", "server":"akswtt00400000o"}}
{"logTime": "0213/165235", "correlationVector":"ChCU0cKxjqL1xkuMRKyf6G.2","action":"GetUpdates Response", "result":"Success", "context":Received 9 update(s). cV=ChCU0cKxjqL1xkuMRKyf6G.0;server=akswtt00400000o;cloudType=Consumer;environment=Prod_francecentral_prod-s01-062-eur-francecentral;migrationStage=NotStarted}
{"logTime": "0213/165235", "correlationVector":"7sY8+/bHKAn5XJFezOnj84","action":"Commit Request", "result":"", "context":Item count: 5
Contributing types: Sessions, Device Info, History}
{"logTime": "0213/165235", "correlationVector":"7sY8+/bHKAn5XJFezOnj84.1","action":"SyncServerConnectionManagerRequest", "result":"SYNC_SERVER_OK", "context":{"environment":"Prod_francecentral_prod-s01-062-eur-francecentral", "migrationStage":"NotStarted", "server":"akswtt004000067"}}
{"logTime": "0213/165235", "correlationVector":"7sY8+/bHKAn5XJFezOnj84.3","action":"Commit.Sessions", "result":"Success", "context":{"id":"0f1f54ca-b630-4a4e-886b-dbe0339cc5ff", "isDeleted":"true", "size":"0", "version":"1739403641506"}}
{"logTime": "0213/165235", "correlationVector":"7sY8+/bHKAn5XJFezOnj84.2","action":"Commit Response", "result":"Success", "context":Result: Success. cV=7sY8+/bHKAn5XJFezOnj84.0;server=akswtt004000067;cloudType=Consumer;environment=Prod_francecentral_prod-s01-062-eur-francecentral;migrationStage=NotStarted}
{"logTime": "0213/165235", "correlationVector":"bou7Pfj1esZ5bHtqYeC5oD","action":"Poll GetUpdate request", "result":"", "context":cV=bou7Pfj1esZ5bHtqYeC5oD}
{"logTime": "0213/165236", "correlationVector":"bou7Pfj1esZ5bHtqYeC5oD.1","action":"SyncServerConnectionManagerRequest", "result":"SYNC_SERVER_OK", "context":{"environment":"Prod_francecentral_prod-s01-062-eur-francecentral", "migrationStage":"NotStarted", "server":"akswtt004000042"}}
{"logTime": "0213/165236", "correlationVector":"bou7Pfj1esZ5bHtqYeC5oD.2","action":"GetUpdates", "result":"DeleteReceived", "context":{"id":"0f1f54ca-b630-4a4e-886b-dbe0339cc5ff", "isDeleted:":"true", "version":"1739465556488"}}
{"logTime": "0213/165236", "correlationVector":"bou7Pfj1esZ5bHtqYeC5oD.3","action":"GetUpdates Response", "result":"Success", "context":Received 5 update(s). cV=bou7Pfj1esZ5bHtqYeC5oD.0;server=akswtt004000042;cloudType=Consumer;environment=Prod_francecentral_prod-s01-062-eur-francecentral;migrationStage=NotStarted}
{"logTime": "0213/165256", "correlationVector":"+Uo0O0PEmfq8S6v0ax+VXC","action":"Commit Request", "result":"", "context":Item count: 8
Contributing types: Preferences, Sessions, History}
{"logTime": "0213/165259", "correlationVector":"+Uo0O0PEmfq8S6v0ax+VXC.1","action":"SyncServerConnectionManagerRequest", "result":"SYNC_SERVER_OK", "context":{"environment":"Prod_francecentral_prod-s01-062-eur-francecentral", "migrationStage":"NotStarted", "server":"akswtt00400000o"}}
{"logTime": "0213/165259", "correlationVector":"+Uo0O0PEmfq8S6v0ax+VXC.2","action":"Commit Response", "result":"Success", "context":Result: Success. cV=+Uo0O0PEmfq8S6v0ax+VXC.0;server=akswtt00400000o;cloudType=Consumer;environment=Prod_francecentral_prod-s01-062-eur-francecentral;migrationStage=NotStarted}
{"logTime": "0213/165403", "correlationVector":"OsAIJKZosHWh5vSPTcsZP3","action":"Commit Request", "result":"", "context":Item count: 3
Contributing types: Sessions, History}
{"logTime": "0213/165404", "correlationVector":"OsAIJKZosHWh5vSPTcsZP3.1","action":"SyncServerConnectionManagerRequest", "result":"SYNC_SERVER_OK", "context":{"environment":"Prod_francecentral_prod-s01-062-eur-francecentral", "migrationStage":"NotStarted", "server":"akswtt00400000o"}}
{"logTime": "0213/165404", "correlationVector":"OsAIJKZosHWh5vSPTcsZP3.2","action":"Commit Response", "result":"Success", "context":Result: Success. cV=OsAIJKZosHWh5vSPTcsZP3.0;server=akswtt00400000o;cloudType=Consumer;environment=Prod_francecentral_prod-s01-062-eur-francecentral;migrationStage=NotStarted}
{"logTime": "0213/165629", "correlationVector":"d2L2XOwCmyHEmfUKe2rwzw","action":"Commit Request", "result":"", "context":Item count: 5
Contributing types: Sessions, History}
{"logTime": "0213/165630", "correlationVector":"d2L2XOwCmyHEmfUKe2rwzw.1","action":"SyncServerConnectionManagerRequest", "result":"SYNC_SERVER_OK", "context":{"environment":"Prod_francecentral_prod-s01-062-eur-francecentral", "migrationStage":"NotStarted", "server":"akswtt00400003t"}}
{"logTime": "0213/165630", "correlationVector":"d2L2XOwCmyHEmfUKe2rwzw.2","action":"Commit Response", "result":"Success", "context":Result: Success. cV=d2L2XOwCmyHEmfUKe2rwzw.0;server=akswtt00400003t;cloudType=Consumer;environment=Prod_francecentral_prod-s01-062-eur-francecentral;migrationStage=NotStarted}
{"logTime": "0213/165753", "correlationVector":"QZl0Q2ZxVU7ZziPw8GBXk8","action":"Commit Request", "result":"", "context":Item count: 5
Contributing types: Sessions, History}
{"logTime": "0213/165753", "correlationVector":"QZl0Q2ZxVU7ZziPw8GBXk8.1","action":"SyncServerConnectionManagerRequest", "result":"SYNC_SERVER_OK", "context":{"environment":"Prod_francecentral_prod-s01-062-eur-francecentral", "migrationStage":"NotStarted", "server":"akswtt00400003t"}}
{"logTime": "0213/165753", "correlationVector":"QZl0Q2ZxVU7ZziPw8GBXk8.2","action":"Commit Response", "result":"Success", "context":Result: Success. cV=QZl0Q2ZxVU7ZziPw8GBXk8.0;server=akswtt00400003t;cloudType=Consumer;environment=Prod_francecentral_prod-s01-062-eur-francecentral;migrationStage=NotStarted}
{"logTime": "0213/165912", "correlationVector":"X9R+USGEla7thmb1/6bDE3","action":"Commit Request", "result":"", "context":Item count: 3
Contributing types: Sessions, History}
{"logTime": "0213/165912", "correlationVector":"X9R+USGEla7thmb1/6bDE3.1","action":"SyncServerConnectionManagerRequest", "result":"SYNC_SERVER_OK", "context":{"environment":"Prod_francecentral_prod-s01-062-eur-francecentral", "migrationStage":"NotStarted", "server":"akswtt00400003k"}}
{"logTime": "0213/165912", "correlationVector":"X9R+USGEla7thmb1/6bDE3.2","action":"Commit Response", "result":"Success", "context":Result: Success. cV=X9R+USGEla7thmb1/6bDE3.0;server=akswtt00400003k;cloudType=Consumer;environment=Prod_francecentral_prod-s01-062-eur-francecentral;migrationStage=NotStarted}
{"logTime": "0213/170322", "correlationVector":"lJV0Gsv7j+D+WB+006XGNT","action":"Commit Request", "result":"", "context":Item count: 3
Contributing types: Sessions, History}
{"logTime": "0213/170323", "correlationVector":"lJV0Gsv7j+D+WB+006XGNT.1","action":"SyncServerConnectionManagerRequest", "result":"SYNC_SERVER_OK", "context":{"environment":"Prod_germanywestcentral_prod-s01-010-eur-germanywestcentral", "migrationStage":"NotStarted", "server":"akswtt00400001r"}}
{"logTime": "0213/170323", "correlationVector":"lJV0Gsv7j+D+WB+006XGNT.2","action":"Commit Response", "result":"Success", "context":Result: Success. cV=lJV0Gsv7j+D+WB+006XGNT.0;server=akswtt00400001r;cloudType=Consumer;environment=Prod_germanywestcentral_prod-s01-010-eur-germanywestcentral;migrationStage=NotStarted}
{"logTime": "0213/170720", "correlationVector":"Ub64eEcE8q4M8D/UEmTcop","action":"Commit Request", "result":"", "context":Item count: 4
Contributing types: Sessions, History}
{"logTime": "0213/170720", "correlationVector":"Ub64eEcE8q4M8D/UEmTcop.1","action":"SyncServerConnectionManagerRequest", "result":"SYNC_SERVER_OK", "context":{"environment":"Prod_francecentral_prod-s01-062-eur-francecentral", "migrationStage":"NotStarted", "server":"akswtt00400001s"}}
{"logTime": "0213/170720", "correlationVector":"Ub64eEcE8q4M8D/UEmTcop.2","action":"Commit Response", "result":"Success", "context":Result: Success. cV=Ub64eEcE8q4M8D/UEmTcop.0;server=akswtt00400001s;cloudType=Consumer;environment=Prod_francecentral_prod-s01-062-eur-francecentral;migrationStage=NotStarted}
{"logTime": "0213/170831", "correlationVector":"eITezEAzkzsTldnyqNRRYC","action":"Commit Request", "result":"", "context":Item count: 1
Contributing types: Sessions}
{"logTime": "0213/170832", "correlationVector":"eITezEAzkzsTldnyqNRRYC.1","action":"SyncServerConnectionManagerRequest", "result":"SYNC_SERVER_OK", "context":{"environment":"Prod_francecentral_prod-s01-062-eur-francecentral", "migrationStage":"NotStarted", "server":"akswtt00400002b"}}
{"logTime": "0213/170832", "correlationVector":"eITezEAzkzsTldnyqNRRYC.2","action":"Commit Response", "result":"Success", "context":Result: Success. cV=eITezEAzkzsTldnyqNRRYC.0;server=akswtt00400002b;cloudType=Consumer;environment=Prod_francecentral_prod-s01-062-eur-francecentral;migrationStage=NotStarted}
{"logTime": "0213/171003", "correlationVector":"rCLrgAhnMzowAhRhHR5qqI","action":"Commit Request", "result":"", "context":Item count: 4
Contributing types: Sessions, History}
{"logTime": "0213/171004", "correlationVector":"rCLrgAhnMzowAhRhHR5qqI.1","action":"SyncServerConnectionManagerRequest", "result":"SYNC_SERVER_OK", "context":{"environment":"Prod_francecentral_prod-s01-062-eur-francecentral", "migrationStage":"NotStarted", "server":"akswtt00400001c"}}
{"logTime": "0213/171004", "correlationVector":"rCLrgAhnMzowAhRhHR5qqI.2","action":"Commit Response", "result":"Success", "context":Result: Success. cV=rCLrgAhnMzowAhRhHR5qqI.0;server=akswtt00400001c;cloudType=Consumer;environment=Prod_francecentral_prod-s01-062-eur-francecentral;migrationStage=NotStarted}
{"logTime": "0213/171918", "correlationVector":"GW6Ywz96FtSUljrb102RiF","action":"Commit Request", "result":"", "context":Item count: 6
Contributing types: Sessions, History}
{"logTime": "0213/171918", "correlationVector":"GW6Ywz96FtSUljrb102RiF.1","action":"SyncServerConnectionManagerRequest", "result":"SYNC_SERVER_OK", "context":{"environment":"Prod_francecentral_prod-s01-062-eur-francecentral", "migrationStage":"NotStarted", "server":"akswtt00400003q"}}
{"logTime": "0213/171918", "correlationVector":"GW6Ywz96FtSUljrb102RiF.2","action":"Commit Response", "result":"Success", "context":Result: Success. cV=GW6Ywz96FtSUljrb102RiF.0;server=akswtt00400003q;cloudType=Consumer;environment=Prod_francecentral_prod-s01-062-eur-francecentral;migrationStage=NotStarted}
{"logTime": "0213/172025", "correlationVector":"FO4wCJFHfFw9XLOrVZbOMT","action":"Commit Request", "result":"", "context":Item count: 4
Contributing types: Sessions, History}
{"logTime": "0213/172026", "correlationVector":"FO4wCJFHfFw9XLOrVZbOMT.1","action":"SyncServerConnectionManagerRequest", "result":"SYNC_SERVER_OK", "context":{"environment":"Prod_francecentral_prod-s01-062-eur-francecentral", "migrationStage":"NotStarted", "server":"akswtt00400003q"}}
{"logTime": "0213/172026", "correlationVector":"FO4wCJFHfFw9XLOrVZbOMT.2","action":"Commit Response", "result":"Success", "context":Result: Success. cV=FO4wCJFHfFw9XLOrVZbOMT.0;server=akswtt00400003q;cloudType=Consumer;environment=Prod_francecentral_prod-s01-062-eur-francecentral;migrationStage=NotStarted}
{"logTime": "0213/172221", "correlationVector":"NV62g7kY0GJSMX5sRF2ovn","action":"Commit Request", "result":"", "context":Item count: 3
Contributing types: Sessions, History}
{"logTime": "0213/172221", "correlationVector":"NV62g7kY0GJSMX5sRF2ovn.1","action":"SyncServerConnectionManagerRequest", "result":"SYNC_SERVER_OK", "context":{"environment":"Prod_francecentral_prod-s01-062-eur-francecentral", "migrationStage":"NotStarted", "server":"akswtt004000067"}}
{"logTime": "0213/172221", "correlationVector":"NV62g7kY0GJSMX5sRF2ovn.2","action":"Commit Response", "result":"Success", "context":Result: Success. cV=NV62g7kY0GJSMX5sRF2ovn.0;server=akswtt004000067;cloudType=Consumer;environment=Prod_francecentral_prod-s01-062-eur-francecentral;migrationStage=NotStarted}
{"logTime": "0213/172427", "correlationVector":"9nLqb48lMTtSxBlz3bn8Xl","action":"Commit Request", "result":"", "context":Item count: 5
Contributing types: Sessions, History}
{"logTime": "0213/172428", "correlationVector":"9nLqb48lMTtSxBlz3bn8Xl.1","action":"SyncServerConnectionManagerRequest", "result":"SYNC_SERVER_OK", "context":{"environment":"Prod_francecentral_prod-s01-062-eur-francecentral", "migrationStage":"NotStarted", "server":"akswtt00400005x"}}
{"logTime": "0213/172428", "correlationVector":"9nLqb48lMTtSxBlz3bn8Xl.2","action":"Commit Response", "result":"Success", "context":Result: Success. cV=9nLqb48lMTtSxBlz3bn8Xl.0;server=akswtt00400005x;cloudType=Consumer;environment=Prod_francecentral_prod-s01-062-eur-francecentral;migrationStage=NotStarted}
{"logTime": "0213/172540", "correlationVector":"8KNv8YFhZabWpQ+r0MzowC","action":"Commit Request", "result":"", "context":Item count: 5
Contributing types: Sessions, History}
{"logTime": "0213/172540", "correlationVector":"8KNv8YFhZabWpQ+r0MzowC.1","action":"SyncServerConnectionManagerRequest", "result":"SYNC_SERVER_OK", "context":{"environment":"Prod_francecentral_prod-s01-062-eur-francecentral", "migrationStage":"NotStarted", "server":"akswtt00400001a"}}
{"logTime": "0213/172540", "correlationVector":"8KNv8YFhZabWpQ+r0MzowC.2","action":"Commit Response", "result":"Success", "context":Result: Success. cV=8KNv8YFhZabWpQ+r0MzowC.0;server=akswtt00400001a;cloudType=Consumer;environment=Prod_francecentral_prod-s01-062-eur-francecentral;migrationStage=NotStarted}
{"logTime": "0213/173040", "correlationVector":"bwVI+Bd/voapwBHqVi/FSS","action":"Commit Request", "result":"", "context":Item count: 3
Contributing types: Sessions, History}
{"logTime": "0213/173040", "correlationVector":"bwVI+Bd/voapwBHqVi/FSS.1","action":"SyncServerConnectionManagerRequest", "result":"SYNC_SERVER_OK", "context":{"environment":"Prod_francecentral_prod-s01-062-eur-francecentral", "migrationStage":"NotStarted", "server":"akswtt00400000g"}}
{"logTime": "0213/173040", "correlationVector":"bwVI+Bd/voapwBHqVi/FSS.2","action":"Commit Response", "result":"Success", "context":Result: Success. cV=bwVI+Bd/voapwBHqVi/FSS.0;server=akswtt00400000g;cloudType=Consumer;environment=Prod_francecentral_prod-s01-062-eur-francecentral;migrationStage=NotStarted}
{"logTime": "0213/173320", "correlationVector":"y7elaFl74EdUiG04e/x6Yu","action":"Commit Request", "result":"", "context":Item count: 7
Contributing types: Sessions, History}
{"logTime": "0213/173321", "correlationVector":"y7elaFl74EdUiG04e/x6Yu.1","action":"SyncServerConnectionManagerRequest", "result":"SYNC_SERVER_OK", "context":{"environment":"Prod_francecentral_prod-s01-062-eur-francecentral", "migrationStage":"NotStarted", "server":"akswtt00400000j"}}
{"logTime": "0213/173321", "correlationVector":"y7elaFl74EdUiG04e/x6Yu.2","action":"Commit Response", "result":"Success", "context":Result: Success. cV=y7elaFl74EdUiG04e/x6Yu.0;server=akswtt00400000j;cloudType=Consumer;environment=Prod_francecentral_prod-s01-062-eur-francecentral;migrationStage=NotStarted}
{"logTime": "0213/173422", "correlationVector":"eAvhYaD92qPQMxyQevFGgN","action":"Commit Request", "result":"", "context":Item count: 4
Contributing types: Sessions, History}
{"logTime": "0213/173422", "correlationVector":"eAvhYaD92qPQMxyQevFGgN.1","action":"SyncServerConnectionManagerRequest", "result":"SYNC_SERVER_OK", "context":{"environment":"Prod_germanywestcentral_prod-s01-010-eur-germanywestcentral", "migrationStage":"NotStarted", "server":"akswtt00400000k"}}
{"logTime": "0213/173422", "correlationVector":"eAvhYaD92qPQMxyQevFGgN.2","action":"Commit Response", "result":"Success", "context":Result: Success. cV=eAvhYaD92qPQMxyQevFGgN.0;server=akswtt00400000k;cloudType=Consumer;environment=Prod_germanywestcentral_prod-s01-010-eur-germanywestcentral;migrationStage=NotStarted}
{"logTime": "0213/173631", "correlationVector":"jAm7hzlPEgQEeXynosz1OR","action":"Commit Request", "result":"", "context":Item count: 4
Contributing types: Sessions, History}
{"logTime": "0213/173631", "correlationVector":"jAm7hzlPEgQEeXynosz1OR.1","action":"SyncServerConnectionManagerRequest", "result":"SYNC_SERVER_OK", "context":{"environment":"Prod_francecentral_prod-s01-062-eur-francecentral", "migrationStage":"NotStarted", "server":"akswtt00400001j"}}
{"logTime": "0213/173631", "correlationVector":"jAm7hzlPEgQEeXynosz1OR.2","action":"Commit Response", "result":"Success", "context":Result: Success. cV=jAm7hzlPEgQEeXynosz1OR.0;server=akswtt00400001j;cloudType=Consumer;environment=Prod_francecentral_prod-s01-062-eur-francecentral;migrationStage=NotStarted}
{"logTime": "0213/174113", "correlationVector":"hXkyrJ/LFqGNKo9vIv/jPA","action":"Commit Request", "result":"", "context":Item count: 4
Contributing types: Sessions, History}
{"logTime": "0213/174113", "correlationVector":"hXkyrJ/LFqGNKo9vIv/jPA.1","action":"SyncServerConnectionManagerRequest", "result":"SYNC_SERVER_OK", "context":{"environment":"Prod_francecentral_prod-s01-062-eur-francecentral", "migrationStage":"NotStarted", "server":"akswtt004000025"}}
{"logTime": "0213/174113", "correlationVector":"hXkyrJ/LFqGNKo9vIv/jPA.2","action":"Commit Response", "result":"Success", "context":Result: Success. cV=hXkyrJ/LFqGNKo9vIv/jPA.0;server=akswtt004000025;cloudType=Consumer;environment=Prod_francecentral_prod-s01-062-eur-francecentral;migrationStage=NotStarted}
{"logTime": "0213/174434", "correlationVector":"4dmtqp+Mvg68wImH1vDzDp","action":"Commit Request", "result":"", "context":Item count: 3
Contributing types: Sessions, History}
{"logTime": "0213/174434", "correlationVector":"4dmtqp+Mvg68wImH1vDzDp.1","action":"SyncServerConnectionManagerRequest", "result":"SYNC_SERVER_OK", "context":{"environment":"Prod_francecentral_prod-s01-062-eur-francecentral", "migrationStage":"NotStarted", "server":"akswtt00400000y"}}
{"logTime": "0213/174434", "correlationVector":"4dmtqp+Mvg68wImH1vDzDp.2","action":"Commit Response", "result":"Success", "context":Result: Success. cV=4dmtqp+Mvg68wImH1vDzDp.0;server=akswtt00400000y;cloudType=Consumer;environment=Prod_francecentral_prod-s01-062-eur-francecentral;migrationStage=NotStarted}
{"logTime": "0213/174553", "correlationVector":"wNwTSh1K5kNwM44TNj2kd+","action":"Commit Request", "result":"", "context":Item count: 4
Contributing types: Sessions, History}
{"logTime": "0213/174553", "correlationVector":"wNwTSh1K5kNwM44TNj2kd+.1","action":"SyncServerConnectionManagerRequest", "result":"SYNC_SERVER_OK", "context":{"environment":"Prod_francecentral_prod-s01-062-eur-francecentral", "migrationStage":"NotStarted", "server":"akswtt004000027"}}
{"logTime": "0213/174553", "correlationVector":"wNwTSh1K5kNwM44TNj2kd+.2","action":"Commit Response", "result":"Success", "context":Result: Success. cV=wNwTSh1K5kNwM44TNj2kd+.0;server=akswtt004000027;cloudType=Consumer;environment=Prod_francecentral_prod-s01-062-eur-francecentral;migrationStage=NotStarted}
{"logTime": "0213/174701", "correlationVector":"8GAaRFH9jhrSYc+3l9wSCz","action":"Commit Request", "result":"", "context":Item count: 1
Contributing types: Sessions}
{"logTime": "0213/174701", "correlationVector":"8GAaRFH9jhrSYc+3l9wSCz.1","action":"SyncServerConnectionManagerRequest", "result":"SYNC_SERVER_OK", "context":{"environment":"Prod_francecentral_prod-s01-062-eur-francecentral", "migrationStage":"NotStarted", "server":"akswtt004000035"}}
{"logTime": "0213/174701", "correlationVector":"8GAaRFH9jhrSYc+3l9wSCz.2","action":"Commit Response", "result":"Success", "context":Result: Success. cV=8GAaRFH9jhrSYc+3l9wSCz.0;server=akswtt004000035;cloudType=Consumer;environment=Prod_francecentral_prod-s01-062-eur-francecentral;migrationStage=NotStarted}
{"logTime": "0213/175612", "correlationVector":"URhwaXVt1KUF5YAD+Ot6RQ","action":"Commit Request", "result":"", "context":Item count: 5
Contributing types: Sessions, History}
{"logTime": "0213/175612", "correlationVector":"URhwaXVt1KUF5YAD+Ot6RQ.1","action":"SyncServerConnectionManagerRequest", "result":"SYNC_SERVER_OK", "context":{"environment":"Prod_francecentral_prod-s01-062-eur-francecentral", "migrationStage":"NotStarted", "server":"akswtt00400004s"}}
{"logTime": "0213/175612", "correlationVector":"URhwaXVt1KUF5YAD+Ot6RQ.2","action":"Commit Response", "result":"Success", "context":Result: Success. cV=URhwaXVt1KUF5YAD+Ot6RQ.0;server=akswtt00400004s;cloudType=Consumer;environment=Prod_francecentral_prod-s01-062-eur-francecentral;migrationStage=NotStarted}
{"logTime": "0213/180249", "correlationVector":"jtWZaXCisWcNuv0nN10LYN","action":"Commit Request", "result":"", "context":Item count: 3
Contributing types: Sessions, History}
{"logTime": "0213/180250", "correlationVector":"jtWZaXCisWcNuv0nN10LYN.1","action":"SyncServerConnectionManagerRequest", "result":"SYNC_SERVER_OK", "context":{"environment":"Prod_francecentral_prod-s01-062-eur-francecentral", "migrationStage":"NotStarted", "server":"akswtt00400001s"}}
{"logTime": "0213/180250", "correlationVector":"jtWZaXCisWcNuv0nN10LYN.2","action":"Commit Response", "result":"Success", "context":Result: Success. cV=jtWZaXCisWcNuv0nN10LYN.0;server=akswtt00400001s;cloudType=Consumer;environment=Prod_francecentral_prod-s01-062-eur-francecentral;migrationStage=NotStarted}
{"logTime": "0213/180648", "correlationVector":"KtY4XI0cTolzAPxqc/owqC","action":"Commit Request", "result":"", "context":Item count: 3
Contributing types: Sessions, History}
{"logTime": "0213/180648", "correlationVector":"KtY4XI0cTolzAPxqc/owqC.1","action":"SyncServerConnectionManagerRequest", "result":"SYNC_SERVER_OK", "context":{"environment":"Prod_germanywestcentral_prod-s01-010-eur-germanywestcentral", "migrationStage":"NotStarted", "server":"akswtt004000030"}}
{"logTime": "0213/180648", "correlationVector":"KtY4XI0cTolzAPxqc/owqC.2","action":"Commit Response", "result":"Success", "context":Result: Success. cV=KtY4XI0cTolzAPxqc/owqC.0;server=akswtt004000030;cloudType=Consumer;environment=Prod_germanywestcentral_prod-s01-010-eur-germanywestcentral;migrationStage=NotStarted}
{"logTime": "0213/180809", "correlationVector":"Tb2b70oWzH1xn3SYI/xzsH","action":"Commit Request", "result":"", "context":Item count: 4
Contributing types: Sessions, History}
{"logTime": "0213/180810", "correlationVector":"Tb2b70oWzH1xn3SYI/xzsH.1","action":"SyncServerConnectionManagerRequest", "result":"SYNC_SERVER_OK", "context":{"environment":"Prod_francecentral_prod-s01-062-eur-francecentral", "migrationStage":"NotStarted", "server":"akswtt00400001k"}}
{"logTime": "0213/180810", "correlationVector":"Tb2b70oWzH1xn3SYI/xzsH.2","action":"Commit Response", "result":"Success", "context":Result: Success. cV=Tb2b70oWzH1xn3SYI/xzsH.0;server=akswtt00400001k;cloudType=Consumer;environment=Prod_francecentral_prod-s01-062-eur-francecentral;migrationStage=NotStarted}
{"logTime": "0213/181050", "correlationVector":"6vrDLjLC/AKN38CpQy9+Kb","action":"Commit Request", "result":"", "context":Item count: 4
Contributing types: Sessions, History}
{"logTime": "0213/181051", "correlationVector":"6vrDLjLC/AKN38CpQy9+Kb.1","action":"SyncServerConnectionManagerRequest", "result":"SYNC_SERVER_OK", "context":{"environment":"Prod_francecentral_prod-s01-062-eur-francecentral", "migrationStage":"NotStarted", "server":"akswtt00400003j"}}
{"logTime": "0213/181051", "correlationVector":"6vrDLjLC/AKN38CpQy9+Kb.2","action":"Commit Response", "result":"Success", "context":Result: Success. cV=6vrDLjLC/AKN38CpQy9+Kb.0;server=akswtt00400003j;cloudType=Consumer;environment=Prod_francecentral_prod-s01-062-eur-francecentral;migrationStage=NotStarted}
{"logTime": "0213/181218", "correlationVector":"bS/GoBwLkv8wbO2kPbE3II","action":"Commit Request", "result":"", "context":Item count: 4
Contributing types: Sessions, History}
{"logTime": "0213/181218", "correlationVector":"bS/GoBwLkv8wbO2kPbE3II.1","action":"SyncServerConnectionManagerRequest", "result":"SYNC_SERVER_OK", "context":{"environment":"Prod_francecentral_prod-s01-062-eur-francecentral", "migrationStage":"NotStarted", "server":"akswtt00400002d"}}
{"logTime": "0213/181218", "correlationVector":"bS/GoBwLkv8wbO2kPbE3II.2","action":"Commit Response", "result":"Success", "context":Result: Success. cV=bS/GoBwLkv8wbO2kPbE3II.0;server=akswtt00400002d;cloudType=Consumer;environment=Prod_francecentral_prod-s01-062-eur-francecentral;migrationStage=NotStarted}
{"logTime": "0214/155045", "correlationVector":"9Rr3+L2pkgc6io5nl/6NvP.1","action":"SyncServerConnectionManagerRequest", "result":"SYNC_SERVER_OK", "context":{"environment":"Prod_francecentral_prod-s01-062-eur-francecentral", "migrationStage":"NotStarted", "server":"akswtt004000071"}}
{"logTime": "0214/155045", "correlationVector":"9Rr3+L2pkgc6io5nl/6NvP.2","action":"ProcessGetUpdates", "result":"Done", "context":{"dataType":"Encryption Keys", "deleted":"0", "process_failed_to_decrypt":"0", "process_pending_decryption":"0", "process_success":"1", "total":"1"}}
{"logTime": "0214/155046", "correlationVector":"F3Wa33j/ogx6f/jPC1aPg6","action":"SyncServerConnectionManagerRequest", "result":"SYNC_SERVER_OK", "context":{"environment":"", "migrationStage":"", "server":""}}
{"logTime": "0214/155046", "correlationVector":"9Rr3+L2pkgc6io5nl/6NvP","action":"Initial GetUpdates", "result":"", "context":Reason: NEW_CLIENT. cV=9Rr3+L2pkgc6io5nl/6NvP}
{"logTime": "0214/155046", "correlationVector":"9Rr3+L2pkgc6io5nl/6NvP.3","action":"GetUpdates Response", "result":"Success", "context":Received 1 update(s). cV=9Rr3+L2pkgc6io5nl/6NvP.0;server=akswtt004000071;cloudType=Consumer;environment=Prod_francecentral_prod-s01-062-eur-francecentral;migrationStage=NotStarted}
{"logTime": "0214/155046", "correlationVector":"s4GzDPiU+lh5Q2TGcbB355","action":"Normal GetUpdate request", "result":"", "context":cV=s4GzDPiU+lh5Q2TGcbB355
Nudged types: Sessions, Device Info, History
Refresh requested types: Bookmarks, Preferences, Passwords, Autofill Profiles, Autofill, Extensions, Sessions, Extension settings, History Delete Directives, Device Info, User Consents, Send Tab To Self, Web Apps, History, Collection, Edge E Drop, Edge Hub App Usage, Edge Tab Group, Edge Wallet, Encryption Keys}
{"logTime": "0214/155046", "correlationVector":"s4GzDPiU+lh5Q2TGcbB355.1","action":"SyncServerConnectionManagerRequest", "result":"SYNC_SERVER_OK", "context":{"environment":"Prod_francecentral_prod-s01-062-eur-francecentral", "migrationStage":"NotStarted", "server":"akswtt00400003s"}}
{"logTime": "0214/155046", "correlationVector":"s4GzDPiU+lh5Q2TGcbB355.2","action":"ProcessGetUpdates", "result":"Done", "context":{"dataType":"Preferences", "deleted":"0", "process_failed_to_decrypt":"0", "process_pending_decryption":"0", "process_success":"1", "total":"1"}}
{"logTime": "0214/155046", "correlationVector":"s4GzDPiU+lh5Q2TGcbB355.3","action":"ProcessGetUpdates", "result":"Done", "context":{"dataType":"Sessions", "deleted":"0", "process_failed_to_decrypt":"0", "process_pending_decryption":"0", "process_success":"1", "total":"1"}}
{"logTime": "0214/155046", "correlationVector":"s4GzDPiU+lh5Q2TGcbB355.4","action":"ProcessGetUpdates", "result":"Done", "context":{"dataType":"History", "deleted":"0", "process_failed_to_decrypt":"0", "process_pending_decryption":"0", "process_success":"50", "total":"50"}}
{"logTime": "0214/155046", "correlationVector":"s4GzDPiU+lh5Q2TGcbB355.5","action":"GetUpdates Response", "result":"Success", "context":Received 52 update(s). cV=s4GzDPiU+lh5Q2TGcbB355.0;server=akswtt00400003s;cloudType=Consumer;environment=Prod_francecentral_prod-s01-062-eur-francecentral;migrationStage=NotStarted}
{"logTime": "0214/155046", "correlationVector":"hC3381KVatLi3FQWrGux2U","action":"Commit Request", "result":"", "context":Item count: 4
Contributing types: Sessions, Device Info}
{"logTime": "0214/155046", "correlationVector":"hC3381KVatLi3FQWrGux2U.1","action":"SyncServerConnectionManagerRequest", "result":"SYNC_SERVER_OK", "context":{"environment":"Prod_francecentral_prod-s01-062-eur-francecentral", "migrationStage":"NotStarted", "server":"akswtt00400000z"}}
{"logTime": "0214/155046", "correlationVector":"hC3381KVatLi3FQWrGux2U.2","action":"Commit Response", "result":"Success", "context":Result: Success. cV=hC3381KVatLi3FQWrGux2U.0;server=akswtt00400000z;cloudType=Consumer;environment=Prod_francecentral_prod-s01-062-eur-francecentral;migrationStage=NotStarted}
{"logTime": "0214/155046", "correlationVector":"hC3381KVatLi3FQWrGux2U.3","action":"Commit.Sessions", "result":"Success", "context":{"id":"cbbff7d0-0e73-41ef-a5cb-07206dd4913e", "isDeleted":"true", "size":"0", "version":"1739470339532"}}
{"logTime": "0214/155046", "correlationVector":"ehtU/aXmSvlzVCcc0WKcpl","action":"Poll GetUpdate request", "result":"", "context":cV=ehtU/aXmSvlzVCcc0WKcpl}
{"logTime": "0214/155047", "correlationVector":"ehtU/aXmSvlzVCcc0WKcpl.1","action":"SyncServerConnectionManagerRequest", "result":"SYNC_SERVER_OK", "context":{"environment":"Prod_francecentral_prod-s01-062-eur-francecentral", "migrationStage":"NotStarted", "server":"akswtt004000011"}}
{"logTime": "0214/155047", "correlationVector":"ehtU/aXmSvlzVCcc0WKcpl.2","action":"ProcessGetUpdates", "result":"Done", "context":{"dataType":"Sessions", "deleted":"1", "process_failed_to_decrypt":"0", "process_pending_decryption":"0", "process_success":"3", "total":"3"}}
{"logTime": "0214/155047", "correlationVector":"ehtU/aXmSvlzVCcc0WKcpl.3","action":"ProcessGetUpdates", "result":"Done", "context":{"dataType":"Device Info", "deleted":"0", "process_failed_to_decrypt":"0", "process_pending_decryption":"0", "process_success":"1", "total":"1"}}
{"logTime": "0214/155047", "correlationVector":"ehtU/aXmSvlzVCcc0WKcpl.4","action":"GetUpdates Response", "result":"Success", "context":Received 4 update(s). cV=ehtU/aXmSvlzVCcc0WKcpl.0;server=akswtt004000011;cloudType=Consumer;environment=Prod_francecentral_prod-s01-062-eur-francecentral;migrationStage=NotStarted}
{"logTime": "0214/155152", "correlationVector":"GB4bReDxPq2oKdLS5MLtpR","action":"Commit Request", "result":"", "context":Item count: 2
Contributing types: Sessions, History}
{"logTime": "0214/155152", "correlationVector":"GB4bReDxPq2oKdLS5MLtpR.1","action":"SyncServerConnectionManagerRequest", "result":"SYNC_SERVER_OK", "context":{"environment":"Prod_francecentral_prod-s01-062-eur-francecentral", "migrationStage":"NotStarted", "server":"akswtt00400002q"}}
{"logTime": "0214/155152", "correlationVector":"GB4bReDxPq2oKdLS5MLtpR.2","action":"Commit Response", "result":"Success", "context":Result: Success. cV=GB4bReDxPq2oKdLS5MLtpR.0;server=akswtt00400002q;cloudType=Consumer;environment=Prod_francecentral_prod-s01-062-eur-francecentral;migrationStage=NotStarted}
{"logTime": "0214/155533", "correlationVector":"dWJKIoaV2cT2hwAAewv2AJ","action":"Commit Request", "result":"", "context":Item count: 1
Contributing types: Sessions}
{"logTime": "0214/155534", "correlationVector":"dWJKIoaV2cT2hwAAewv2AJ.1","action":"SyncServerConnectionManagerRequest", "result":"SYNC_SERVER_OK", "context":{"environment":"Prod_francecentral_prod-s01-062-eur-francecentral", "migrationStage":"NotStarted", "server":"akswtt00400006u"}}
{"logTime": "0214/155534", "correlationVector":"dWJKIoaV2cT2hwAAewv2AJ.2","action":"Commit Response", "result":"Success", "context":Result: Success. cV=dWJKIoaV2cT2hwAAewv2AJ.0;server=akswtt00400006u;cloudType=Consumer;environment=Prod_francecentral_prod-s01-062-eur-francecentral;migrationStage=NotStarted}
{"logTime": "0214/161049", "correlationVector":"X/ffjBWTS5EkLuoEqPjelz","action":"Commit Request", "result":"", "context":Item count: 4
Contributing types: Sessions, History}
{"logTime": "0214/161049", "correlationVector":"X/ffjBWTS5EkLuoEqPjelz.1","action":"SyncServerConnectionManagerRequest", "result":"SYNC_SERVER_OK", "context":{"environment":"Prod_francecentral_prod-s01-062-eur-francecentral", "migrationStage":"NotStarted", "server":"akswtt004000047"}}
{"logTime": "0214/161049", "correlationVector":"X/ffjBWTS5EkLuoEqPjelz.2","action":"Commit Response", "result":"Success", "context":Result: Success. cV=X/ffjBWTS5EkLuoEqPjelz.0;server=akswtt004000047;cloudType=Consumer;environment=Prod_francecentral_prod-s01-062-eur-francecentral;migrationStage=NotStarted}
{"logTime": "0214/162102", "correlationVector":"7rpz/M3W70eFK/TGQW3+x9","action":"Commit Request", "result":"", "context":Item count: 3
Contributing types: Sessions, History}
{"logTime": "0214/162102", "correlationVector":"7rpz/M3W70eFK/TGQW3+x9.1","action":"SyncServerConnectionManagerRequest", "result":"SYNC_SERVER_OK", "context":{"environment":"Prod_francecentral_prod-s01-062-eur-francecentral", "migrationStage":"NotStarted", "server":"akswtt004000014"}}
{"logTime": "0214/162102", "correlationVector":"7rpz/M3W70eFK/TGQW3+x9.2","action":"Commit Response", "result":"Success", "context":Result: Success. cV=7rpz/M3W70eFK/TGQW3+x9.0;server=akswtt004000014;cloudType=Consumer;environment=Prod_francecentral_prod-s01-062-eur-francecentral;migrationStage=NotStarted}
{"logTime": "0214/162810", "correlationVector":"Bwj58cIdLwzn1+P11/6SDj","action":"Commit Request", "result":"", "context":Item count: 4
Contributing types: Sessions, History}
{"logTime": "0214/162811", "correlationVector":"Bwj58cIdLwzn1+P11/6SDj.1","action":"SyncServerConnectionManagerRequest", "result":"SYNC_SERVER_OK", "context":{"environment":"Prod_francecentral_prod-s01-062-eur-francecentral", "migrationStage":"NotStarted", "server":"akswtt00400003n"}}
{"logTime": "0214/162811", "correlationVector":"Bwj58cIdLwzn1+P11/6SDj.2","action":"Commit Response", "result":"Success", "context":Result: Success. cV=Bwj58cIdLwzn1+P11/6SDj.0;server=akswtt00400003n;cloudType=Consumer;environment=Prod_francecentral_prod-s01-062-eur-francecentral;migrationStage=NotStarted}
{"logTime": "0214/162918", "correlationVector":"qRX04Gunc7GXM7h7LHc4mf","action":"Commit Request", "result":"", "context":Item count: 4
Contributing types: Sessions, History}
{"logTime": "0214/162919", "correlationVector":"qRX04Gunc7GXM7h7LHc4mf.1","action":"SyncServerConnectionManagerRequest", "result":"SYNC_SERVER_OK", "context":{"environment":"Prod_francecentral_prod-s01-062-eur-francecentral", "migrationStage":"NotStarted", "server":"akswtt004000027"}}
{"logTime": "0214/162919", "correlationVector":"qRX04Gunc7GXM7h7LHc4mf.2","action":"Commit Response", "result":"Success", "context":Result: Success. cV=qRX04Gunc7GXM7h7LHc4mf.0;server=akswtt004000027;cloudType=Consumer;environment=Prod_francecentral_prod-s01-062-eur-francecentral;migrationStage=NotStarted}
{"logTime": "0214/163146", "correlationVector":"mSvqhmVcPSek1ojUtACroO","action":"Commit Request", "result":"", "context":Item count: 1
Contributing types: Sessions}
{"logTime": "0214/163146", "correlationVector":"mSvqhmVcPSek1ojUtACroO.1","action":"SyncServerConnectionManagerRequest", "result":"SYNC_SERVER_OK", "context":{"environment":"Prod_francecentral_prod-s01-062-eur-francecentral", "migrationStage":"NotStarted", "server":"akswtt00400003j"}}
{"logTime": "0214/163146", "correlationVector":"mSvqhmVcPSek1ojUtACroO.2","action":"Commit Response", "result":"Success", "context":Result: Success. cV=mSvqhmVcPSek1ojUtACroO.0;server=akswtt00400003j;cloudType=Consumer;environment=Prod_francecentral_prod-s01-062-eur-francecentral;migrationStage=NotStarted}
{"logTime": "0214/163249", "correlationVector":"KmL8MbOaroh63f/TjEkfRO","action":"Commit Request", "result":"", "context":Item count: 5
Contributing types: Sessions, History}
{"logTime": "0214/163249", "correlationVector":"KmL8MbOaroh63f/TjEkfRO.1","action":"SyncServerConnectionManagerRequest", "result":"SYNC_SERVER_OK", "context":{"environment":"Prod_francecentral_prod-s01-062-eur-francecentral", "migrationStage":"NotStarted", "server":"akswtt00400001t"}}
{"logTime": "0214/163249", "correlationVector":"KmL8MbOaroh63f/TjEkfRO.2","action":"Commit Response", "result":"Success", "context":Result: Success. cV=KmL8MbOaroh63f/TjEkfRO.0;server=akswtt00400001t;cloudType=Consumer;environment=Prod_francecentral_prod-s01-062-eur-francecentral;migrationStage=NotStarted}
