2025-02-11 12:00:14.254: [INFO][Sync] Reset engine, reason: 8
2025-02-11 12:00:14.254: [INFO][Sync] Stopped: Bookmarks
2025-02-11 12:00:14.254: [INFO][Sync] Stopped: Preferences
2025-02-11 12:00:14.254: [INFO][Sync] Stopped: Passwords
2025-02-11 12:00:14.254: [INFO][Sync] Stopped: Autofill Profiles
2025-02-11 12:00:14.254: [INFO][Sync] Stopped: Autofill
2025-02-11 12:00:14.254: [INFO][Sync] Stopped: Extensions
2025-02-11 12:00:14.254: [INFO][Sync] Stopped: Sessions
2025-02-11 12:00:14.254: [INFO][Sync] Stopped: Extension settings
2025-02-11 12:00:14.254: [INFO][Sync] Stopped: History Delete Directives
2025-02-11 12:00:14.254: [INFO][Sync] Stopped: Device Info
2025-02-11 12:00:14.254: [INFO][Sync] Stopped: User Consents
2025-02-11 12:00:14.254: [INFO][Sync] Stopped: Send Tab To Self
2025-02-11 12:00:14.254: [INFO][Sync] Stopped: Web Apps
2025-02-11 12:00:14.254: [INFO][Sync] Stopped: History
2025-02-11 12:00:14.254: [INFO][Sync] Stopped: Collection
2025-02-11 12:00:14.254: [INFO][Sync] Stopped: Edge E Drop
2025-02-11 12:00:14.254: [INFO][Sync] Stopped: Edge Hub App Usage
2025-02-11 12:00:14.254: [INFO][Sync] Stopped: Edge Tab Group
2025-02-11 12:00:14.254: [INFO][Sync] Stopped: Edge Wallet
2025-02-11 12:00:14.254: [INFO][Sync] SyncState after authenticated was: NotSignedIn
2025-02-11 12:00:14.657: [INFO][Sync] Reset engine, reason: 8
2025-02-11 12:00:14.657: [INFO][Sync] Stopped: Bookmarks
2025-02-11 12:00:14.657: [INFO][Sync] Stopped: Preferences
2025-02-11 12:00:14.657: [INFO][Sync] Stopped: Passwords
2025-02-11 12:00:14.657: [INFO][Sync] Stopped: Autofill Profiles
2025-02-11 12:00:14.657: [INFO][Sync] Stopped: Autofill
2025-02-11 12:00:14.657: [INFO][Sync] Stopped: Extensions
2025-02-11 12:00:14.657: [INFO][Sync] Stopped: Sessions
2025-02-11 12:00:14.657: [INFO][Sync] Stopped: Extension settings
2025-02-11 12:00:14.657: [INFO][Sync] Stopped: History Delete Directives
2025-02-11 12:00:14.657: [INFO][Sync] Stopped: Device Info
2025-02-11 12:00:14.657: [INFO][Sync] Stopped: User Consents
2025-02-11 12:00:14.657: [INFO][Sync] Stopped: Send Tab To Self
2025-02-11 12:00:14.657: [INFO][Sync] Stopped: Web Apps
2025-02-11 12:00:14.657: [INFO][Sync] Stopped: History
2025-02-11 12:00:14.657: [INFO][Sync] Stopped: Collection
2025-02-11 12:00:14.657: [INFO][Sync] Stopped: Edge E Drop
2025-02-11 12:00:14.657: [INFO][Sync] Stopped: Edge Hub App Usage
2025-02-11 12:00:14.657: [INFO][Sync] Stopped: Edge Tab Group
2025-02-11 12:00:14.657: [INFO][Sync] Stopped: Edge Wallet
2025-02-11 12:00:21.810: [INFO][Sync] Try to start sync engine
2025-02-11 12:00:21.812: [INFO][SyncManagerImpl::NudgeForInitialDownload] Initial download nudge for Encryption Keys
2025-02-11 12:00:21.812: [INFO][SyncEngineBackend::LoadAndConnectNigoriController] Load and connect Nigori controller
2025-02-11 12:00:21.812: [INFO][SyncEngineBackend::DoInitialize] Control Types added: Encryption Keys
2025-02-11 12:00:21.812: [INFO][SyncManagerImpl::ConfigureSyncer] Types to download: Encryption Keys with reason: 3
2025-02-11 12:00:21.812: [INFO][SyncSchedulerImpl::DoConfigurationSyncCycleJob] Configure job was blocked
2025-02-11 12:00:30.609: [INFO][SyncAuthManager::SetLastAuthError] Current auth error: None
2025-02-11 12:00:30.609: [INFO][SyncAuthManager::EdgeLogTokenErrorState] Token error with: None for account type: MSA
2025-02-11 12:00:30.609: [INFO][Sync] Credentials changed for: EdgeSyncScopeNew
2025-02-11 12:00:31.448: [INFO][SyncAuthManager::SetLastAuthError] Current auth error: None
2025-02-11 12:00:31.448: [INFO][SyncAuthManager::EdgeLogTokenErrorState] Token error with: None for account type: MSA
2025-02-11 12:00:31.448: [INFO][Sync] Credentials changed for: EdgeSyncKeyDataScope
2025-02-11 12:00:31.448: [INFO][SyncEngineBackend::DoUpdateKeyDataCredentials] Update key data credentials
2025-02-11 12:00:31.448: [INFO][SyncEngineBackend::DoUpdateCredentials] Update credentials
2025-02-11 12:00:31.448: [INFO][SyncSchedulerImpl::DoConfigurationSyncCycleJob] Blocked types:  and types to download: Encryption Keys
2025-02-11 12:00:32.089: [INFO][Sync] Started DataTypeManager configuration, reason: 4
2025-02-11 12:00:32.089: [INFO][Sync] Configuring for: Bookmarks, Preferences, Passwords, Autofill Profiles, Autofill, Extensions, Sessions, Extension settings, History Delete Directives, Device Info, User Consents, Send Tab To Self, Web Apps, History, Collection, Edge E Drop, Edge Hub App Usage, Edge Tab Group, Edge Wallet, Encryption Keys, reason: 3, current state: 0
2025-02-11 12:00:32.091: [INFO][Sync] Configure, desired: Bookmarks, Preferences, Extensions, Sessions, Extension settings, History Delete Directives, Device Info, User Consents, Send Tab To Self, Web Apps, History, Collection, Edge E Drop, Edge Hub App Usage, Edge Tab Group, Edge Wallet, Encryption Keys; Allow fail: Passwords, Autofill Profiles, Autofill
2025-02-11 12:00:32.091: [INFO][Sync] Loading: Bookmarks
2025-02-11 12:00:32.091: [INFO][Sync] Loading: Preferences
2025-02-11 12:00:32.091: [INFO][Sync] Loading: Extensions
2025-02-11 12:00:32.091: [INFO][Sync] Loading: Sessions
2025-02-11 12:00:32.091: [INFO][Sync] Loading: Extension settings
2025-02-11 12:00:32.091: [INFO][Sync] Loading: History Delete Directives
2025-02-11 12:00:32.091: [INFO][Sync] Loading: Device Info
2025-02-11 12:00:32.091: [INFO][Sync] Loading: User Consents
2025-02-11 12:00:32.091: [INFO][Sync] Loading: Send Tab To Self
2025-02-11 12:00:32.091: [INFO][Sync] Loading: Web Apps
2025-02-11 12:00:32.091: [INFO][Sync] Loading: History
2025-02-11 12:00:32.091: [INFO][Sync] Loading: Collection
2025-02-11 12:00:32.091: [INFO][Sync] Loading: Edge E Drop
2025-02-11 12:00:32.091: [INFO][Sync] Loading: Edge Hub App Usage
2025-02-11 12:00:32.092: [INFO][Sync] Loading: Edge Tab Group
2025-02-11 12:00:32.092: [INFO][Sync] Loading: Edge Wallet
2025-02-11 12:00:32.095: [INFO][Sync] All data types are ready for configure.
2025-02-11 12:00:32.550: [INFO][Sync] Started DataTypeManager configuration, reason: 5
2025-02-11 12:00:32.551: [INFO][Sync] Configuring for: Bookmarks, Preferences, Passwords, Autofill Profiles, Autofill, Extensions, Sessions, Extension settings, History Delete Directives, Device Info, User Consents, Send Tab To Self, Web Apps, History, Collection, Edge E Drop, Edge Hub App Usage, Edge Tab Group, Edge Wallet, Encryption Keys, reason: 5, current state: 1
2025-02-11 12:00:32.552: [INFO][SyncEngineBackend::DoStartConfiguration] Start configuration
2025-02-11 12:00:32.553: [INFO][SyncManagerImpl::NudgeForInitialDownload] Initial download nudge for Bookmarks
2025-02-11 12:00:32.553: [INFO][SyncManagerImpl::NudgeForInitialDownload] Initial download nudge for Preferences
2025-02-11 12:00:32.553: [INFO][SyncManagerImpl::NudgeForInitialDownload] Initial download nudge for Extensions
2025-02-11 12:00:32.553: [INFO][SyncManagerImpl::NudgeForInitialDownload] Initial download nudge for Sessions
2025-02-11 12:00:32.553: [INFO][SyncManagerImpl::NudgeForInitialDownload] Initial download nudge for Extension settings
2025-02-11 12:00:32.553: [INFO][SyncManagerImpl::NudgeForInitialDownload] Initial download nudge for History Delete Directives
2025-02-11 12:00:32.553: [INFO][SyncManagerImpl::NudgeForInitialDownload] Initial download nudge for Device Info
2025-02-11 12:00:32.553: [INFO][SyncManagerImpl::NudgeForInitialDownload] Initial download nudge for Send Tab To Self
2025-02-11 12:00:32.553: [INFO][SyncManagerImpl::NudgeForInitialDownload] Initial download nudge for Web Apps
2025-02-11 12:00:32.553: [INFO][SyncManagerImpl::NudgeForInitialDownload] Initial download nudge for History
2025-02-11 12:00:32.553: [INFO][SyncManagerImpl::NudgeForInitialDownload] Initial download nudge for Collection
2025-02-11 12:00:32.554: [INFO][SyncManagerImpl::NudgeForInitialDownload] Initial download nudge for Edge E Drop
2025-02-11 12:00:32.554: [INFO][SyncManagerImpl::NudgeForInitialDownload] Initial download nudge for Edge Hub App Usage
2025-02-11 12:00:32.554: [INFO][SyncManagerImpl::NudgeForInitialDownload] Initial download nudge for Edge Tab Group
2025-02-11 12:00:32.554: [INFO][SyncManagerImpl::NudgeForInitialDownload] Initial download nudge for Edge Wallet
2025-02-11 12:00:32.554: [INFO][SyncManagerImpl::ConfigureSyncer] Types to download:  with reason: 3
2025-02-11 12:00:32.554: [INFO][SyncEngineBackend::DoFinishConfigureDataTypes] Failed to download types:  and succeeded types: 
2025-02-11 12:00:32.559: [INFO][Sync] ConfigurationDone, failed: , succeeded: , remaining count: 4
2025-02-11 12:00:32.559: [WARN][Sync]     Reconfigure requested while configuration ongoing.
2025-02-11 12:00:32.559: [INFO][Sync] Configuring for: Bookmarks, Preferences, Passwords, Autofill Profiles, Autofill, Extensions, Sessions, Extension settings, History Delete Directives, Device Info, User Consents, Send Tab To Self, Web Apps, History, Collection, Edge E Drop, Edge Hub App Usage, Edge Tab Group, Edge Wallet, Encryption Keys, reason: 5, current state: 2
2025-02-11 12:00:32.559: [INFO][Sync] Configure, desired: Bookmarks, Preferences, Passwords, Autofill Profiles, Autofill, Extensions, Sessions, Extension settings, History Delete Directives, Device Info, User Consents, Send Tab To Self, Web Apps, History, Collection, Edge E Drop, Edge Hub App Usage, Edge Tab Group, Edge Wallet, Encryption Keys; Allow fail: 
2025-02-11 12:00:32.559: [INFO][Sync] Loading: Passwords
2025-02-11 12:00:32.559: [INFO][Sync] Loading: Autofill Profiles
2025-02-11 12:00:32.559: [INFO][Sync] Loading: Autofill
2025-02-11 12:00:32.559: [INFO][Sync] All data types are ready for configure.
2025-02-11 12:00:32.559: [INFO][SyncManagerImpl::NudgeForInitialDownload] Initial download nudge for Passwords
2025-02-11 12:00:32.559: [INFO][SyncManagerImpl::NudgeForInitialDownload] Initial download nudge for Autofill Profiles
2025-02-11 12:00:32.559: [INFO][SyncManagerImpl::NudgeForInitialDownload] Initial download nudge for Autofill
2025-02-11 12:00:32.559: [INFO][SyncManagerImpl::ConfigureSyncer] Types to download:  with reason: 5
2025-02-11 12:00:32.560: [INFO][SyncEngineBackend::DoFinishConfigureDataTypes] Failed to download types:  and succeeded types: 
2025-02-11 12:00:32.560: [INFO][Sync] ConfigurationDone, failed: , succeeded: , remaining count: 4
2025-02-11 12:00:32.560: [INFO][Sync] Prepare to configure types: Preferences, Passwords, Device Info, Send Tab To Self, Edge E Drop, Encryption Keys
2025-02-11 12:00:32.560: [INFO][SyncManagerImpl::ConfigureSyncer] Types to download: Preferences, Passwords, Device Info, Send Tab To Self, Edge E Drop, Encryption Keys with reason: 5
2025-02-11 12:00:32.560: [INFO][SyncSchedulerImpl::DoConfigurationSyncCycleJob] Blocked types:  and types to download: Preferences, Passwords, Device Info, Send Tab To Self, Edge E Drop, Encryption Keys
2025-02-11 12:00:32.843: [INFO][SyncEngineBackend::DoFinishConfigureDataTypes] Failed to download types:  and succeeded types: Preferences, Passwords, Device Info, Send Tab To Self, Edge E Drop, Encryption Keys
2025-02-11 12:00:32.845: [INFO][Sync] ConfigurationDone, failed: , succeeded: Preferences, Passwords, Device Info, Send Tab To Self, Edge E Drop, Encryption Keys, remaining count: 3
2025-02-11 12:00:32.845: [INFO][Sync] Prepare to configure types: Bookmarks, Encryption Keys
2025-02-11 12:00:32.845: [INFO][SyncManagerImpl::ConfigureSyncer] Types to download: Bookmarks, Encryption Keys with reason: 5
2025-02-11 12:00:32.845: [INFO][SyncSchedulerImpl::DoConfigurationSyncCycleJob] Blocked types:  and types to download: Bookmarks, Encryption Keys
2025-02-11 12:00:33.131: [INFO][SyncEngineBackend::DoFinishConfigureDataTypes] Failed to download types:  and succeeded types: Bookmarks, Encryption Keys
2025-02-11 12:00:33.132: [INFO][Sync] ConfigurationDone, failed: , succeeded: Bookmarks, Encryption Keys, remaining count: 2
2025-02-11 12:00:33.132: [INFO][Sync] Prepare to configure types: Autofill Profiles, Autofill, Extensions, Sessions, Extension settings, History Delete Directives, Web Apps, Collection, Edge Hub App Usage, Edge Tab Group, Edge Wallet, Encryption Keys
2025-02-11 12:00:33.132: [INFO][SyncManagerImpl::ConfigureSyncer] Types to download: Autofill Profiles, Autofill, Extensions, Sessions, Extension settings, History Delete Directives, Web Apps, Collection, Edge Hub App Usage, Edge Tab Group, Edge Wallet, Encryption Keys with reason: 5
2025-02-11 12:00:33.132: [INFO][SyncSchedulerImpl::DoConfigurationSyncCycleJob] Blocked types:  and types to download: Autofill Profiles, Autofill, Extensions, Sessions, Extension settings, History Delete Directives, Web Apps, Collection, Edge Hub App Usage, Edge Tab Group, Edge Wallet, Encryption Keys
2025-02-11 12:00:33.421: [INFO][SyncEngineBackend::DoFinishConfigureDataTypes] Failed to download types:  and succeeded types: Autofill Profiles, Autofill, Extensions, Sessions, Extension settings, History Delete Directives, Web Apps, Collection, Edge Hub App Usage, Edge Tab Group, Edge Wallet, Encryption Keys
2025-02-11 12:00:33.426: [INFO][Sync] ConfigurationDone, failed: , succeeded: Autofill Profiles, Autofill, Extensions, Sessions, Extension settings, History Delete Directives, Web Apps, Collection, Edge Hub App Usage, Edge Tab Group, Edge Wallet, Encryption Keys, remaining count: 1
2025-02-11 12:00:33.432: [INFO][Sync] Prepare to configure types: History, Encryption Keys
2025-02-11 12:00:33.432: [INFO][SyncManagerImpl::ConfigureSyncer] Types to download: History, Encryption Keys with reason: 5
2025-02-11 12:00:33.432: [INFO][SyncSchedulerImpl::DoConfigurationSyncCycleJob] Blocked types:  and types to download: History, Encryption Keys
2025-02-11 12:00:34.017: [INFO][SyncEngineBackend::DoFinishConfigureDataTypes] Failed to download types:  and succeeded types: History, Encryption Keys
2025-02-11 12:00:34.020: [INFO][Sync] ConfigurationDone, failed: , succeeded: History, Encryption Keys, remaining count: 0
2025-02-11 12:00:34.022: [INFO][Sync]     Configuration completed, state: 7
2025-02-11 12:00:34.022: [INFO][Sync] Configured DataTypeManager: Ok
2025-02-11 12:00:34.025: [INFO][SyncEngineBackend::DoStartSyncing] Start syncing
2025-02-11 16:11:26.704: [INFO][Sync] SyncState after authenticated was: FeatureCanStart
2025-02-11 16:11:27.761: [INFO][Sync] Try to start sync engine
2025-02-11 16:11:27.762: [INFO][SyncManagerImpl::NudgeForInitialDownload] Initial download nudge for Encryption Keys
2025-02-11 16:11:27.762: [INFO][SyncEngineBackend::LoadAndConnectNigoriController] Load and connect Nigori controller
2025-02-11 16:11:27.762: [INFO][SyncEngineBackend::DoInitialize] Control Types added: Encryption Keys
2025-02-11 16:11:27.762: [INFO][SyncManagerImpl::ConfigureSyncer] Types to download: Encryption Keys with reason: 3
2025-02-11 16:11:27.762: [INFO][SyncSchedulerImpl::DoConfigurationSyncCycleJob] Configure job was blocked
2025-02-11 16:11:28.231: [INFO][SyncAuthManager::SetLastAuthError] Current auth error: None
2025-02-11 16:11:28.231: [INFO][SyncAuthManager::EdgeLogTokenErrorState] Token error with: None for account type: MSA
2025-02-11 16:11:28.231: [INFO][Sync] Credentials changed for: EdgeSyncScopeNew
2025-02-11 16:11:30.580: [INFO][SyncAuthManager::SetLastAuthError] Current auth error: None
2025-02-11 16:11:30.580: [INFO][SyncAuthManager::EdgeLogTokenErrorState] Token error with: None for account type: MSA
2025-02-11 16:11:30.580: [INFO][Sync] Credentials changed for: EdgeSyncKeyDataScope
2025-02-11 16:11:30.580: [INFO][SyncEngineBackend::DoUpdateKeyDataCredentials] Update key data credentials
2025-02-11 16:11:30.580: [INFO][SyncEngineBackend::DoUpdateCredentials] Update credentials
2025-02-11 16:11:30.580: [INFO][SyncSchedulerImpl::DoConfigurationSyncCycleJob] Blocked types:  and types to download: Encryption Keys
2025-02-11 16:11:31.157: [INFO][Sync] Started DataTypeManager configuration, reason: 4
2025-02-11 16:11:31.157: [INFO][Sync] Configuring for: Bookmarks, Preferences, Passwords, Autofill Profiles, Autofill, Extensions, Sessions, Extension settings, History Delete Directives, Device Info, User Consents, Send Tab To Self, Web Apps, History, Collection, Edge E Drop, Edge Hub App Usage, Edge Tab Group, Edge Wallet, Encryption Keys, reason: 4, current state: 0
2025-02-11 16:11:31.158: [INFO][Sync] Configure, desired: Bookmarks, Preferences, Extensions, Sessions, Extension settings, History Delete Directives, Device Info, User Consents, Send Tab To Self, Web Apps, History, Collection, Edge E Drop, Edge Hub App Usage, Edge Tab Group, Edge Wallet, Encryption Keys; Allow fail: Passwords, Autofill Profiles, Autofill
2025-02-11 16:11:31.158: [INFO][Sync] Loading: Bookmarks
2025-02-11 16:11:31.158: [INFO][Sync] Loading: Preferences
2025-02-11 16:11:31.158: [INFO][Sync] Loading: Extensions
2025-02-11 16:11:31.158: [INFO][Sync] Loading: Sessions
2025-02-11 16:11:31.158: [INFO][Sync] Loading: Extension settings
2025-02-11 16:11:31.158: [INFO][Sync] Loading: History Delete Directives
2025-02-11 16:11:31.158: [INFO][Sync] Loading: Device Info
2025-02-11 16:11:31.158: [INFO][Sync] Loading: User Consents
2025-02-11 16:11:31.159: [INFO][Sync] Loading: Send Tab To Self
2025-02-11 16:11:31.159: [INFO][Sync] Loading: Web Apps
2025-02-11 16:11:31.159: [INFO][Sync] Loading: History
2025-02-11 16:11:31.159: [INFO][Sync] Loading: Collection
2025-02-11 16:11:31.159: [INFO][Sync] Loading: Edge E Drop
2025-02-11 16:11:31.159: [INFO][Sync] Loading: Edge Hub App Usage
2025-02-11 16:11:31.159: [INFO][Sync] Loading: Edge Tab Group
2025-02-11 16:11:31.159: [INFO][Sync] Loading: Edge Wallet
2025-02-11 16:11:31.163: [INFO][Sync] All data types are ready for configure.
2025-02-11 16:11:31.555: [INFO][Sync] Started DataTypeManager configuration, reason: 5
2025-02-11 16:11:31.555: [INFO][Sync] Configuring for: Bookmarks, Preferences, Passwords, Autofill Profiles, Autofill, Extensions, Sessions, Extension settings, History Delete Directives, Device Info, User Consents, Send Tab To Self, Web Apps, History, Collection, Edge E Drop, Edge Hub App Usage, Edge Tab Group, Edge Wallet, Encryption Keys, reason: 5, current state: 1
2025-02-11 16:11:31.556: [INFO][SyncEngineBackend::DoStartConfiguration] Start configuration
2025-02-11 16:11:31.556: [INFO][SyncManagerImpl::ConfigureSyncer] Types to download:  with reason: 4
2025-02-11 16:11:31.556: [INFO][SyncEngineBackend::DoFinishConfigureDataTypes] Failed to download types:  and succeeded types: 
2025-02-11 16:11:31.557: [INFO][Sync] ConfigurationDone, failed: , succeeded: , remaining count: 4
2025-02-11 16:11:31.557: [WARN][Sync]     Reconfigure requested while configuration ongoing.
2025-02-11 16:11:31.557: [INFO][Sync] Configuring for: Bookmarks, Preferences, Passwords, Autofill Profiles, Autofill, Extensions, Sessions, Extension settings, History Delete Directives, Device Info, User Consents, Send Tab To Self, Web Apps, History, Collection, Edge E Drop, Edge Hub App Usage, Edge Tab Group, Edge Wallet, Encryption Keys, reason: 5, current state: 2
2025-02-11 16:11:31.557: [INFO][Sync] Configure, desired: Bookmarks, Preferences, Passwords, Autofill Profiles, Autofill, Extensions, Sessions, Extension settings, History Delete Directives, Device Info, User Consents, Send Tab To Self, Web Apps, History, Collection, Edge E Drop, Edge Hub App Usage, Edge Tab Group, Edge Wallet, Encryption Keys; Allow fail: 
2025-02-11 16:11:31.557: [INFO][Sync] Loading: Passwords
2025-02-11 16:11:31.557: [INFO][Sync] Loading: Autofill Profiles
2025-02-11 16:11:31.557: [INFO][Sync] Loading: Autofill
2025-02-11 16:11:31.560: [INFO][Sync] All data types are ready for configure.
2025-02-11 16:11:31.561: [INFO][SyncManagerImpl::ConfigureSyncer] Types to download:  with reason: 5
2025-02-11 16:11:31.561: [INFO][SyncEngineBackend::DoFinishConfigureDataTypes] Failed to download types:  and succeeded types: 
2025-02-11 16:11:31.561: [INFO][Sync] ConfigurationDone, failed: , succeeded: , remaining count: 4
2025-02-11 16:11:31.561: [INFO][SyncManagerImpl::ConfigureSyncer] Types to download:  with reason: 5
2025-02-11 16:11:31.561: [INFO][SyncEngineBackend::DoFinishConfigureDataTypes] Failed to download types:  and succeeded types: 
2025-02-11 16:11:31.561: [INFO][Sync] ConfigurationDone, failed: , succeeded: , remaining count: 3
2025-02-11 16:11:31.561: [INFO][SyncManagerImpl::ConfigureSyncer] Types to download:  with reason: 5
2025-02-11 16:11:31.561: [INFO][SyncEngineBackend::DoFinishConfigureDataTypes] Failed to download types:  and succeeded types: 
2025-02-11 16:11:31.561: [INFO][Sync] ConfigurationDone, failed: , succeeded: , remaining count: 2
2025-02-11 16:11:31.561: [INFO][SyncManagerImpl::ConfigureSyncer] Types to download:  with reason: 5
2025-02-11 16:11:31.562: [INFO][SyncEngineBackend::DoFinishConfigureDataTypes] Failed to download types:  and succeeded types: 
2025-02-11 16:11:31.562: [INFO][Sync] ConfigurationDone, failed: , succeeded: , remaining count: 1
2025-02-11 16:11:31.563: [INFO][SyncManagerImpl::ConfigureSyncer] Types to download:  with reason: 5
2025-02-11 16:11:31.563: [INFO][SyncEngineBackend::DoFinishConfigureDataTypes] Failed to download types:  and succeeded types: 
2025-02-11 16:11:31.564: [INFO][Sync] ConfigurationDone, failed: , succeeded: , remaining count: 0
2025-02-11 16:11:31.565: [INFO][Sync]     Configuration completed, state: 7
2025-02-11 16:11:31.566: [INFO][Sync] Configured DataTypeManager: Ok
2025-02-11 16:11:31.567: [INFO][SyncEngineBackend::DoStartSyncing] Start syncing
2025-02-12 15:03:03.945: [INFO][Sync] SyncState after authenticated was: FeatureCanStart
2025-02-12 15:03:05.176: [INFO][Sync] Try to start sync engine
2025-02-12 15:03:05.185: [INFO][SyncManagerImpl::NudgeForInitialDownload] Initial download nudge for Encryption Keys
2025-02-12 15:03:05.185: [INFO][SyncEngineBackend::LoadAndConnectNigoriController] Load and connect Nigori controller
2025-02-12 15:03:05.185: [INFO][SyncEngineBackend::DoInitialize] Control Types added: Encryption Keys
2025-02-12 15:03:05.185: [INFO][SyncManagerImpl::ConfigureSyncer] Types to download: Encryption Keys with reason: 3
2025-02-12 15:03:05.185: [INFO][SyncSchedulerImpl::DoConfigurationSyncCycleJob] Configure job was blocked
2025-02-12 15:03:12.725: [INFO][SyncAuthManager::SetLastAuthError] Current auth error: None
2025-02-12 15:03:12.725: [INFO][SyncAuthManager::EdgeLogTokenErrorState] Token error with: None for account type: MSA
2025-02-12 15:03:12.725: [INFO][Sync] Credentials changed for: EdgeSyncKeyDataScope
2025-02-12 15:03:12.725: [INFO][SyncEngineBackend::DoUpdateKeyDataCredentials] Update key data credentials
2025-02-12 15:03:13.018: [INFO][SyncAuthManager::SetLastAuthError] Current auth error: None
2025-02-12 15:03:13.018: [INFO][SyncAuthManager::EdgeLogTokenErrorState] Token error with: None for account type: MSA
2025-02-12 15:03:13.018: [INFO][Sync] Credentials changed for: EdgeSyncScopeNew
2025-02-12 15:03:13.021: [INFO][SyncEngineBackend::DoUpdateCredentials] Update credentials
2025-02-12 15:03:13.021: [INFO][SyncEngineBackend::DoUpdateKeyDataCredentials] Update key data credentials
2025-02-12 15:03:13.021: [INFO][SyncSchedulerImpl::DoConfigurationSyncCycleJob] Blocked types:  and types to download: Encryption Keys
2025-02-12 15:03:13.599: [INFO][Sync] Started DataTypeManager configuration, reason: 4
2025-02-12 15:03:13.599: [INFO][Sync] Configuring for: Bookmarks, Preferences, Passwords, Autofill Profiles, Autofill, Extensions, Sessions, Extension settings, History Delete Directives, Device Info, User Consents, Send Tab To Self, Web Apps, History, Collection, Edge E Drop, Edge Hub App Usage, Edge Tab Group, Edge Wallet, Encryption Keys, reason: 4, current state: 0
2025-02-12 15:03:13.600: [INFO][Sync] Configure, desired: Bookmarks, Preferences, Extensions, Sessions, Extension settings, History Delete Directives, Device Info, User Consents, Send Tab To Self, Web Apps, History, Collection, Edge E Drop, Edge Hub App Usage, Edge Tab Group, Edge Wallet, Encryption Keys; Allow fail: Passwords, Autofill Profiles, Autofill
2025-02-12 15:03:13.600: [INFO][Sync] Loading: Bookmarks
2025-02-12 15:03:13.600: [INFO][Sync] Loading: Preferences
2025-02-12 15:03:13.600: [INFO][Sync] Loading: Extensions
2025-02-12 15:03:13.600: [INFO][Sync] Loading: Sessions
2025-02-12 15:03:13.600: [INFO][Sync] Loading: Extension settings
2025-02-12 15:03:13.600: [INFO][Sync] Loading: History Delete Directives
2025-02-12 15:03:13.600: [INFO][Sync] Loading: Device Info
2025-02-12 15:03:13.600: [INFO][Sync] Loading: User Consents
2025-02-12 15:03:13.600: [INFO][Sync] Loading: Send Tab To Self
2025-02-12 15:03:13.600: [INFO][Sync] Loading: Web Apps
2025-02-12 15:03:13.600: [INFO][Sync] Loading: History
2025-02-12 15:03:13.600: [INFO][Sync] Loading: Collection
2025-02-12 15:03:13.600: [INFO][Sync] Loading: Edge E Drop
2025-02-12 15:03:13.600: [INFO][Sync] Loading: Edge Hub App Usage
2025-02-12 15:03:13.600: [INFO][Sync] Loading: Edge Tab Group
2025-02-12 15:03:13.600: [INFO][Sync] Loading: Edge Wallet
2025-02-12 15:03:13.608: [INFO][Sync] All data types are ready for configure.
2025-02-12 15:03:14.160: [INFO][Sync] Started DataTypeManager configuration, reason: 5
2025-02-12 15:03:14.160: [INFO][Sync] Configuring for: Bookmarks, Preferences, Passwords, Autofill Profiles, Autofill, Extensions, Sessions, Extension settings, History Delete Directives, Device Info, User Consents, Send Tab To Self, Web Apps, History, Collection, Edge E Drop, Edge Hub App Usage, Edge Tab Group, Edge Wallet, Encryption Keys, reason: 5, current state: 1
2025-02-12 15:03:14.160: [INFO][SyncEngineBackend::DoStartConfiguration] Start configuration
2025-02-12 15:03:14.160: [INFO][SyncManagerImpl::ConfigureSyncer] Types to download:  with reason: 4
2025-02-12 15:03:14.160: [INFO][SyncEngineBackend::DoFinishConfigureDataTypes] Failed to download types:  and succeeded types: 
2025-02-12 15:03:14.161: [INFO][Sync] ConfigurationDone, failed: , succeeded: , remaining count: 4
2025-02-12 15:03:14.161: [WARN][Sync]     Reconfigure requested while configuration ongoing.
2025-02-12 15:03:14.161: [INFO][Sync] Configuring for: Bookmarks, Preferences, Passwords, Autofill Profiles, Autofill, Extensions, Sessions, Extension settings, History Delete Directives, Device Info, User Consents, Send Tab To Self, Web Apps, History, Collection, Edge E Drop, Edge Hub App Usage, Edge Tab Group, Edge Wallet, Encryption Keys, reason: 5, current state: 2
2025-02-12 15:03:14.161: [INFO][Sync] Configure, desired: Bookmarks, Preferences, Passwords, Autofill Profiles, Autofill, Extensions, Sessions, Extension settings, History Delete Directives, Device Info, User Consents, Send Tab To Self, Web Apps, History, Collection, Edge E Drop, Edge Hub App Usage, Edge Tab Group, Edge Wallet, Encryption Keys; Allow fail: 
2025-02-12 15:03:14.161: [INFO][Sync] Loading: Passwords
2025-02-12 15:03:14.161: [INFO][Sync] Loading: Autofill Profiles
2025-02-12 15:03:14.161: [INFO][Sync] Loading: Autofill
2025-02-12 15:03:14.165: [INFO][Sync] All data types are ready for configure.
2025-02-12 15:03:14.166: [INFO][SyncManagerImpl::ConfigureSyncer] Types to download:  with reason: 5
2025-02-12 15:03:14.166: [INFO][SyncEngineBackend::DoFinishConfigureDataTypes] Failed to download types:  and succeeded types: 
2025-02-12 15:03:14.166: [INFO][Sync] ConfigurationDone, failed: , succeeded: , remaining count: 4
2025-02-12 15:03:14.166: [INFO][SyncManagerImpl::ConfigureSyncer] Types to download:  with reason: 5
2025-02-12 15:03:14.166: [INFO][SyncEngineBackend::DoFinishConfigureDataTypes] Failed to download types:  and succeeded types: 
2025-02-12 15:03:14.166: [INFO][Sync] ConfigurationDone, failed: , succeeded: , remaining count: 3
2025-02-12 15:03:14.166: [INFO][SyncManagerImpl::ConfigureSyncer] Types to download:  with reason: 5
2025-02-12 15:03:14.166: [INFO][SyncEngineBackend::DoFinishConfigureDataTypes] Failed to download types:  and succeeded types: 
2025-02-12 15:03:14.166: [INFO][Sync] ConfigurationDone, failed: , succeeded: , remaining count: 2
2025-02-12 15:03:14.166: [INFO][SyncManagerImpl::ConfigureSyncer] Types to download:  with reason: 5
2025-02-12 15:03:14.166: [INFO][SyncEngineBackend::DoFinishConfigureDataTypes] Failed to download types:  and succeeded types: 
2025-02-12 15:03:14.166: [INFO][Sync] ConfigurationDone, failed: , succeeded: , remaining count: 1
2025-02-12 15:03:14.167: [INFO][SyncManagerImpl::ConfigureSyncer] Types to download:  with reason: 5
2025-02-12 15:03:14.167: [INFO][SyncEngineBackend::DoFinishConfigureDataTypes] Failed to download types:  and succeeded types: 
2025-02-12 15:03:14.168: [INFO][Sync] ConfigurationDone, failed: , succeeded: , remaining count: 0
2025-02-12 15:03:14.168: [INFO][Sync]     Configuration completed, state: 7
2025-02-12 15:03:14.169: [INFO][Sync] Configured DataTypeManager: Ok
2025-02-12 15:03:14.170: [INFO][SyncEngineBackend::DoStartSyncing] Start syncing
2025-02-12 23:37:56.688: [INFO][Sync] SyncState after authenticated was: FeatureCanStart
2025-02-12 23:37:57.445: [INFO][Sync] Try to start sync engine
2025-02-12 23:37:57.447: [INFO][SyncManagerImpl::NudgeForInitialDownload] Initial download nudge for Encryption Keys
2025-02-12 23:37:57.447: [INFO][SyncEngineBackend::LoadAndConnectNigoriController] Load and connect Nigori controller
2025-02-12 23:37:57.447: [INFO][SyncEngineBackend::DoInitialize] Control Types added: Encryption Keys
2025-02-12 23:37:57.447: [INFO][SyncManagerImpl::ConfigureSyncer] Types to download: Encryption Keys with reason: 3
2025-02-12 23:37:57.447: [INFO][SyncSchedulerImpl::DoConfigurationSyncCycleJob] Configure job was blocked
2025-02-12 23:38:01.220: [INFO][SyncAuthManager::SetLastAuthError] Current auth error: None
2025-02-12 23:38:01.220: [INFO][SyncAuthManager::EdgeLogTokenErrorState] Token error with: None for account type: MSA
2025-02-12 23:38:01.221: [INFO][Sync] Credentials changed for: EdgeSyncKeyDataScope
2025-02-12 23:38:01.221: [INFO][SyncEngineBackend::DoUpdateKeyDataCredentials] Update key data credentials
2025-02-12 23:38:01.366: [INFO][SyncAuthManager::SetLastAuthError] Current auth error: None
2025-02-12 23:38:01.366: [INFO][SyncAuthManager::EdgeLogTokenErrorState] Token error with: None for account type: MSA
2025-02-12 23:38:01.366: [INFO][Sync] Credentials changed for: EdgeSyncScopeNew
2025-02-12 23:38:01.366: [INFO][SyncEngineBackend::DoUpdateCredentials] Update credentials
2025-02-12 23:38:01.366: [INFO][SyncEngineBackend::DoUpdateKeyDataCredentials] Update key data credentials
2025-02-12 23:38:01.366: [INFO][SyncSchedulerImpl::DoConfigurationSyncCycleJob] Blocked types:  and types to download: Encryption Keys
2025-02-12 23:38:01.910: [INFO][Sync] Started DataTypeManager configuration, reason: 4
2025-02-12 23:38:01.910: [INFO][Sync] Configuring for: Bookmarks, Preferences, Passwords, Autofill Profiles, Autofill, Extensions, Sessions, Extension settings, History Delete Directives, Device Info, User Consents, Send Tab To Self, Web Apps, History, Collection, Edge E Drop, Edge Hub App Usage, Edge Tab Group, Edge Wallet, Encryption Keys, reason: 4, current state: 0
2025-02-12 23:38:01.912: [INFO][Sync] Configure, desired: Bookmarks, Preferences, Extensions, Sessions, Extension settings, History Delete Directives, Device Info, User Consents, Send Tab To Self, Web Apps, History, Collection, Edge E Drop, Edge Hub App Usage, Edge Tab Group, Edge Wallet, Encryption Keys; Allow fail: Passwords, Autofill Profiles, Autofill
2025-02-12 23:38:01.912: [INFO][Sync] Loading: Bookmarks
2025-02-12 23:38:01.912: [INFO][Sync] Loading: Preferences
2025-02-12 23:38:01.912: [INFO][Sync] Loading: Extensions
2025-02-12 23:38:01.912: [INFO][Sync] Loading: Sessions
2025-02-12 23:38:01.912: [INFO][Sync] Loading: Extension settings
2025-02-12 23:38:01.912: [INFO][Sync] Loading: History Delete Directives
2025-02-12 23:38:01.912: [INFO][Sync] Loading: Device Info
2025-02-12 23:38:01.912: [INFO][Sync] Loading: User Consents
2025-02-12 23:38:01.912: [INFO][Sync] Loading: Send Tab To Self
2025-02-12 23:38:01.912: [INFO][Sync] Loading: Web Apps
2025-02-12 23:38:01.912: [INFO][Sync] Loading: History
2025-02-12 23:38:01.912: [INFO][Sync] Loading: Collection
2025-02-12 23:38:01.912: [INFO][Sync] Loading: Edge E Drop
2025-02-12 23:38:01.912: [INFO][Sync] Loading: Edge Hub App Usage
2025-02-12 23:38:01.912: [INFO][Sync] Loading: Edge Tab Group
2025-02-12 23:38:01.912: [INFO][Sync] Loading: Edge Wallet
2025-02-12 23:38:01.916: [INFO][Sync] All data types are ready for configure.
2025-02-12 23:38:02.465: [INFO][Sync] Started DataTypeManager configuration, reason: 5
2025-02-12 23:38:02.466: [INFO][Sync] Configuring for: Bookmarks, Preferences, Passwords, Autofill Profiles, Autofill, Extensions, Sessions, Extension settings, History Delete Directives, Device Info, User Consents, Send Tab To Self, Web Apps, History, Collection, Edge E Drop, Edge Hub App Usage, Edge Tab Group, Edge Wallet, Encryption Keys, reason: 5, current state: 1
2025-02-12 23:38:02.466: [INFO][SyncEngineBackend::DoStartConfiguration] Start configuration
2025-02-12 23:38:02.466: [INFO][SyncManagerImpl::ConfigureSyncer] Types to download:  with reason: 4
2025-02-12 23:38:02.466: [INFO][SyncEngineBackend::DoFinishConfigureDataTypes] Failed to download types:  and succeeded types: 
2025-02-12 23:38:02.467: [INFO][Sync] ConfigurationDone, failed: , succeeded: , remaining count: 4
2025-02-12 23:38:02.467: [WARN][Sync]     Reconfigure requested while configuration ongoing.
2025-02-12 23:38:02.467: [INFO][Sync] Configuring for: Bookmarks, Preferences, Passwords, Autofill Profiles, Autofill, Extensions, Sessions, Extension settings, History Delete Directives, Device Info, User Consents, Send Tab To Self, Web Apps, History, Collection, Edge E Drop, Edge Hub App Usage, Edge Tab Group, Edge Wallet, Encryption Keys, reason: 5, current state: 2
2025-02-12 23:38:02.467: [INFO][Sync] Configure, desired: Bookmarks, Preferences, Passwords, Autofill Profiles, Autofill, Extensions, Sessions, Extension settings, History Delete Directives, Device Info, User Consents, Send Tab To Self, Web Apps, History, Collection, Edge E Drop, Edge Hub App Usage, Edge Tab Group, Edge Wallet, Encryption Keys; Allow fail: 
2025-02-12 23:38:02.467: [INFO][Sync] Loading: Passwords
2025-02-12 23:38:02.467: [INFO][Sync] Loading: Autofill Profiles
2025-02-12 23:38:02.467: [INFO][Sync] Loading: Autofill
2025-02-12 23:38:02.467: [INFO][Sync] All data types are ready for configure.
2025-02-12 23:38:02.467: [INFO][SyncManagerImpl::ConfigureSyncer] Types to download:  with reason: 5
2025-02-12 23:38:02.467: [INFO][SyncEngineBackend::DoFinishConfigureDataTypes] Failed to download types:  and succeeded types: 
2025-02-12 23:38:02.467: [INFO][Sync] ConfigurationDone, failed: , succeeded: , remaining count: 4
2025-02-12 23:38:02.467: [INFO][SyncManagerImpl::ConfigureSyncer] Types to download:  with reason: 5
2025-02-12 23:38:02.467: [INFO][SyncEngineBackend::DoFinishConfigureDataTypes] Failed to download types:  and succeeded types: 
2025-02-12 23:38:02.467: [INFO][Sync] ConfigurationDone, failed: , succeeded: , remaining count: 3
2025-02-12 23:38:02.467: [INFO][SyncManagerImpl::ConfigureSyncer] Types to download:  with reason: 5
2025-02-12 23:38:02.468: [INFO][SyncEngineBackend::DoFinishConfigureDataTypes] Failed to download types:  and succeeded types: 
2025-02-12 23:38:02.468: [INFO][Sync] ConfigurationDone, failed: , succeeded: , remaining count: 2
2025-02-12 23:38:02.468: [INFO][SyncManagerImpl::ConfigureSyncer] Types to download:  with reason: 5
2025-02-12 23:38:02.468: [INFO][SyncEngineBackend::DoFinishConfigureDataTypes] Failed to download types:  and succeeded types: 
2025-02-12 23:38:02.468: [INFO][Sync] ConfigurationDone, failed: , succeeded: , remaining count: 1
2025-02-12 23:38:02.469: [INFO][SyncManagerImpl::ConfigureSyncer] Types to download:  with reason: 5
2025-02-12 23:38:02.469: [INFO][SyncEngineBackend::DoFinishConfigureDataTypes] Failed to download types:  and succeeded types: 
2025-02-12 23:38:02.469: [INFO][Sync] ConfigurationDone, failed: , succeeded: , remaining count: 0
2025-02-12 23:38:02.470: [INFO][Sync]     Configuration completed, state: 7
2025-02-12 23:38:02.470: [INFO][Sync] Configured DataTypeManager: Ok
2025-02-12 23:38:02.471: [INFO][SyncEngineBackend::DoStartSyncing] Start syncing
2025-02-13 00:30:04.356: [INFO][Sync] Reset engine, reason: 0
2025-02-13 00:30:04.356: [INFO][Sync] Reset engine with reason: 0
2025-02-13 16:52:24.733: [INFO][Sync] SyncState after authenticated was: FeatureCanStart
2025-02-13 16:52:25.749: [INFO][Sync] Try to start sync engine
2025-02-13 16:52:25.751: [INFO][SyncManagerImpl::NudgeForInitialDownload] Initial download nudge for Encryption Keys
2025-02-13 16:52:25.751: [INFO][SyncEngineBackend::LoadAndConnectNigoriController] Load and connect Nigori controller
2025-02-13 16:52:25.751: [INFO][SyncEngineBackend::DoInitialize] Control Types added: Encryption Keys
2025-02-13 16:52:25.751: [INFO][SyncManagerImpl::ConfigureSyncer] Types to download: Encryption Keys with reason: 3
2025-02-13 16:52:25.751: [INFO][SyncSchedulerImpl::DoConfigurationSyncCycleJob] Configure job was blocked
2025-02-13 16:52:33.182: [INFO][SyncAuthManager::SetLastAuthError] Current auth error: None
2025-02-13 16:52:33.182: [INFO][SyncAuthManager::EdgeLogTokenErrorState] Token error with: None for account type: MSA
2025-02-13 16:52:33.182: [INFO][Sync] Credentials changed for: EdgeSyncScopeNew
2025-02-13 16:52:33.655: [INFO][SyncAuthManager::SetLastAuthError] Current auth error: None
2025-02-13 16:52:33.655: [INFO][SyncAuthManager::EdgeLogTokenErrorState] Token error with: None for account type: MSA
2025-02-13 16:52:33.655: [INFO][Sync] Credentials changed for: EdgeSyncKeyDataScope
2025-02-13 16:52:33.655: [INFO][SyncEngineBackend::DoUpdateKeyDataCredentials] Update key data credentials
2025-02-13 16:52:33.655: [INFO][SyncEngineBackend::DoUpdateCredentials] Update credentials
2025-02-13 16:52:33.655: [INFO][SyncSchedulerImpl::DoConfigurationSyncCycleJob] Blocked types:  and types to download: Encryption Keys
2025-02-13 16:52:34.206: [INFO][Sync] Started DataTypeManager configuration, reason: 4
2025-02-13 16:52:34.206: [INFO][Sync] Configuring for: Bookmarks, Preferences, Passwords, Autofill Profiles, Autofill, Extensions, Sessions, Extension settings, History Delete Directives, Device Info, User Consents, Send Tab To Self, Web Apps, History, Collection, Edge E Drop, Edge Hub App Usage, Edge Tab Group, Edge Wallet, Encryption Keys, reason: 4, current state: 0
2025-02-13 16:52:34.207: [INFO][Sync] Configure, desired: Bookmarks, Preferences, Extensions, Sessions, Extension settings, History Delete Directives, Device Info, User Consents, Send Tab To Self, Web Apps, History, Collection, Edge E Drop, Edge Hub App Usage, Edge Tab Group, Edge Wallet, Encryption Keys; Allow fail: Passwords, Autofill Profiles, Autofill
2025-02-13 16:52:34.207: [INFO][Sync] Loading: Bookmarks
2025-02-13 16:52:34.207: [INFO][Sync] Loading: Preferences
2025-02-13 16:52:34.207: [INFO][Sync] Loading: Extensions
2025-02-13 16:52:34.207: [INFO][Sync] Loading: Sessions
2025-02-13 16:52:34.207: [INFO][Sync] Loading: Extension settings
2025-02-13 16:52:34.207: [INFO][Sync] Loading: History Delete Directives
2025-02-13 16:52:34.208: [INFO][Sync] Loading: Device Info
2025-02-13 16:52:34.208: [INFO][Sync] Loading: User Consents
2025-02-13 16:52:34.208: [INFO][Sync] Loading: Send Tab To Self
2025-02-13 16:52:34.208: [INFO][Sync] Loading: Web Apps
2025-02-13 16:52:34.208: [INFO][Sync] Loading: History
2025-02-13 16:52:34.208: [INFO][Sync] Loading: Collection
2025-02-13 16:52:34.208: [INFO][Sync] Loading: Edge E Drop
2025-02-13 16:52:34.208: [INFO][Sync] Loading: Edge Hub App Usage
2025-02-13 16:52:34.208: [INFO][Sync] Loading: Edge Tab Group
2025-02-13 16:52:34.208: [INFO][Sync] Loading: Edge Wallet
2025-02-13 16:52:34.211: [INFO][Sync] All data types are ready for configure.
2025-02-13 16:52:34.746: [INFO][Sync] Started DataTypeManager configuration, reason: 5
2025-02-13 16:52:34.747: [INFO][Sync] Configuring for: Bookmarks, Preferences, Passwords, Autofill Profiles, Autofill, Extensions, Sessions, Extension settings, History Delete Directives, Device Info, User Consents, Send Tab To Self, Web Apps, History, Collection, Edge E Drop, Edge Hub App Usage, Edge Tab Group, Edge Wallet, Encryption Keys, reason: 5, current state: 1
2025-02-13 16:52:34.747: [INFO][SyncEngineBackend::DoStartConfiguration] Start configuration
2025-02-13 16:52:34.747: [INFO][SyncManagerImpl::ConfigureSyncer] Types to download:  with reason: 4
2025-02-13 16:52:34.747: [INFO][SyncEngineBackend::DoFinishConfigureDataTypes] Failed to download types:  and succeeded types: 
2025-02-13 16:52:34.748: [INFO][Sync] ConfigurationDone, failed: , succeeded: , remaining count: 4
2025-02-13 16:52:34.748: [WARN][Sync]     Reconfigure requested while configuration ongoing.
2025-02-13 16:52:34.748: [INFO][Sync] Configuring for: Bookmarks, Preferences, Passwords, Autofill Profiles, Autofill, Extensions, Sessions, Extension settings, History Delete Directives, Device Info, User Consents, Send Tab To Self, Web Apps, History, Collection, Edge E Drop, Edge Hub App Usage, Edge Tab Group, Edge Wallet, Encryption Keys, reason: 5, current state: 2
2025-02-13 16:52:34.748: [INFO][Sync] Configure, desired: Bookmarks, Preferences, Passwords, Autofill Profiles, Autofill, Extensions, Sessions, Extension settings, History Delete Directives, Device Info, User Consents, Send Tab To Self, Web Apps, History, Collection, Edge E Drop, Edge Hub App Usage, Edge Tab Group, Edge Wallet, Encryption Keys; Allow fail: 
2025-02-13 16:52:34.748: [INFO][Sync] Loading: Passwords
2025-02-13 16:52:34.748: [INFO][Sync] Loading: Autofill Profiles
2025-02-13 16:52:34.748: [INFO][Sync] Loading: Autofill
2025-02-13 16:52:34.748: [INFO][Sync] All data types are ready for configure.
2025-02-13 16:52:34.748: [INFO][SyncManagerImpl::ConfigureSyncer] Types to download:  with reason: 5
2025-02-13 16:52:34.748: [INFO][SyncEngineBackend::DoFinishConfigureDataTypes] Failed to download types:  and succeeded types: 
2025-02-13 16:52:34.748: [INFO][Sync] ConfigurationDone, failed: , succeeded: , remaining count: 4
2025-02-13 16:52:34.748: [INFO][SyncManagerImpl::ConfigureSyncer] Types to download:  with reason: 5
2025-02-13 16:52:34.748: [INFO][SyncEngineBackend::DoFinishConfigureDataTypes] Failed to download types:  and succeeded types: 
2025-02-13 16:52:34.748: [INFO][Sync] ConfigurationDone, failed: , succeeded: , remaining count: 3
2025-02-13 16:52:34.748: [INFO][SyncManagerImpl::ConfigureSyncer] Types to download:  with reason: 5
2025-02-13 16:52:34.748: [INFO][SyncEngineBackend::DoFinishConfigureDataTypes] Failed to download types:  and succeeded types: 
2025-02-13 16:52:34.748: [INFO][Sync] ConfigurationDone, failed: , succeeded: , remaining count: 2
2025-02-13 16:52:34.749: [INFO][SyncManagerImpl::ConfigureSyncer] Types to download:  with reason: 5
2025-02-13 16:52:34.749: [INFO][SyncEngineBackend::DoFinishConfigureDataTypes] Failed to download types:  and succeeded types: 
2025-02-13 16:52:34.749: [INFO][Sync] ConfigurationDone, failed: , succeeded: , remaining count: 1
2025-02-13 16:52:34.750: [INFO][SyncManagerImpl::ConfigureSyncer] Types to download:  with reason: 5
2025-02-13 16:52:34.750: [INFO][SyncEngineBackend::DoFinishConfigureDataTypes] Failed to download types:  and succeeded types: 
2025-02-13 16:52:34.750: [INFO][Sync] ConfigurationDone, failed: , succeeded: , remaining count: 0
2025-02-13 16:52:34.751: [INFO][Sync]     Configuration completed, state: 7
2025-02-13 16:52:34.751: [INFO][Sync] Configured DataTypeManager: Ok
2025-02-13 16:52:34.754: [INFO][SyncEngineBackend::DoStartSyncing] Start syncing
2025-02-14 15:50:38.648: [INFO][Sync] SyncState after authenticated was: FeatureCanStart
2025-02-14 15:50:39.397: [INFO][Sync] Try to start sync engine
2025-02-14 15:50:39.398: [INFO][SyncManagerImpl::NudgeForInitialDownload] Initial download nudge for Encryption Keys
2025-02-14 15:50:39.398: [INFO][SyncEngineBackend::LoadAndConnectNigoriController] Load and connect Nigori controller
2025-02-14 15:50:39.398: [INFO][SyncEngineBackend::DoInitialize] Control Types added: Encryption Keys
2025-02-14 15:50:39.398: [INFO][SyncManagerImpl::ConfigureSyncer] Types to download: Encryption Keys with reason: 3
2025-02-14 15:50:39.398: [INFO][SyncSchedulerImpl::DoConfigurationSyncCycleJob] Configure job was blocked
2025-02-14 15:50:44.694: [INFO][SyncAuthManager::SetLastAuthError] Current auth error: None
2025-02-14 15:50:44.694: [INFO][SyncAuthManager::EdgeLogTokenErrorState] Token error with: None for account type: MSA
2025-02-14 15:50:44.694: [INFO][Sync] Credentials changed for: EdgeSyncKeyDataScope
2025-02-14 15:50:44.694: [INFO][SyncEngineBackend::DoUpdateKeyDataCredentials] Update key data credentials
2025-02-14 15:50:44.846: [INFO][SyncAuthManager::SetLastAuthError] Current auth error: None
2025-02-14 15:50:44.847: [INFO][SyncAuthManager::EdgeLogTokenErrorState] Token error with: None for account type: MSA
2025-02-14 15:50:44.847: [INFO][Sync] Credentials changed for: EdgeSyncScopeNew
2025-02-14 15:50:44.847: [INFO][SyncEngineBackend::DoUpdateCredentials] Update credentials
2025-02-14 15:50:44.847: [INFO][SyncSchedulerImpl::DoConfigurationSyncCycleJob] Blocked types:  and types to download: Encryption Keys
2025-02-14 15:50:45.385: [INFO][SyncEngineBackend::DoUpdateKeyDataCredentials] Update key data credentials
2025-02-14 15:50:45.388: [INFO][Sync] Started DataTypeManager configuration, reason: 4
2025-02-14 15:50:45.388: [INFO][Sync] Configuring for: Bookmarks, Preferences, Passwords, Autofill Profiles, Autofill, Extensions, Sessions, Extension settings, History Delete Directives, Device Info, User Consents, Send Tab To Self, Web Apps, History, Collection, Edge E Drop, Edge Hub App Usage, Edge Tab Group, Edge Wallet, Encryption Keys, reason: 4, current state: 0
2025-02-14 15:50:45.390: [INFO][Sync] Configure, desired: Bookmarks, Preferences, Extensions, Sessions, Extension settings, History Delete Directives, Device Info, User Consents, Send Tab To Self, Web Apps, History, Collection, Edge E Drop, Edge Hub App Usage, Edge Tab Group, Edge Wallet, Encryption Keys; Allow fail: Passwords, Autofill Profiles, Autofill
2025-02-14 15:50:45.390: [INFO][Sync] Loading: Bookmarks
2025-02-14 15:50:45.390: [INFO][Sync] Loading: Preferences
2025-02-14 15:50:45.390: [INFO][Sync] Loading: Extensions
2025-02-14 15:50:45.390: [INFO][Sync] Loading: Sessions
2025-02-14 15:50:45.390: [INFO][Sync] Loading: Extension settings
2025-02-14 15:50:45.390: [INFO][Sync] Loading: History Delete Directives
2025-02-14 15:50:45.390: [INFO][Sync] Loading: Device Info
2025-02-14 15:50:45.390: [INFO][Sync] Loading: User Consents
2025-02-14 15:50:45.390: [INFO][Sync] Loading: Send Tab To Self
2025-02-14 15:50:45.390: [INFO][Sync] Loading: Web Apps
2025-02-14 15:50:45.390: [INFO][Sync] Loading: History
2025-02-14 15:50:45.390: [INFO][Sync] Loading: Collection
2025-02-14 15:50:45.390: [INFO][Sync] Loading: Edge E Drop
2025-02-14 15:50:45.390: [INFO][Sync] Loading: Edge Hub App Usage
2025-02-14 15:50:45.390: [INFO][Sync] Loading: Edge Tab Group
2025-02-14 15:50:45.390: [INFO][Sync] Loading: Edge Wallet
2025-02-14 15:50:45.394: [INFO][Sync] All data types are ready for configure.
2025-02-14 15:50:46.073: [INFO][Sync] Started DataTypeManager configuration, reason: 5
2025-02-14 15:50:46.073: [INFO][Sync] Configuring for: Bookmarks, Preferences, Passwords, Autofill Profiles, Autofill, Extensions, Sessions, Extension settings, History Delete Directives, Device Info, User Consents, Send Tab To Self, Web Apps, History, Collection, Edge E Drop, Edge Hub App Usage, Edge Tab Group, Edge Wallet, Encryption Keys, reason: 5, current state: 1
2025-02-14 15:50:46.074: [INFO][SyncEngineBackend::DoStartConfiguration] Start configuration
2025-02-14 15:50:46.074: [INFO][SyncManagerImpl::ConfigureSyncer] Types to download:  with reason: 4
2025-02-14 15:50:46.074: [INFO][SyncEngineBackend::DoFinishConfigureDataTypes] Failed to download types:  and succeeded types: 
2025-02-14 15:50:46.078: [INFO][Sync] ConfigurationDone, failed: , succeeded: , remaining count: 4
2025-02-14 15:50:46.078: [WARN][Sync]     Reconfigure requested while configuration ongoing.
2025-02-14 15:50:46.078: [INFO][Sync] Configuring for: Bookmarks, Preferences, Passwords, Autofill Profiles, Autofill, Extensions, Sessions, Extension settings, History Delete Directives, Device Info, User Consents, Send Tab To Self, Web Apps, History, Collection, Edge E Drop, Edge Hub App Usage, Edge Tab Group, Edge Wallet, Encryption Keys, reason: 5, current state: 2
2025-02-14 15:50:46.078: [INFO][Sync] Configure, desired: Bookmarks, Preferences, Passwords, Autofill Profiles, Autofill, Extensions, Sessions, Extension settings, History Delete Directives, Device Info, User Consents, Send Tab To Self, Web Apps, History, Collection, Edge E Drop, Edge Hub App Usage, Edge Tab Group, Edge Wallet, Encryption Keys; Allow fail: 
2025-02-14 15:50:46.078: [INFO][Sync] Loading: Passwords
2025-02-14 15:50:46.078: [INFO][Sync] Loading: Autofill Profiles
2025-02-14 15:50:46.078: [INFO][Sync] Loading: Autofill
2025-02-14 15:50:46.078: [INFO][Sync] All data types are ready for configure.
2025-02-14 15:50:46.078: [INFO][SyncManagerImpl::ConfigureSyncer] Types to download:  with reason: 5
2025-02-14 15:50:46.078: [INFO][SyncEngineBackend::DoFinishConfigureDataTypes] Failed to download types:  and succeeded types: 
2025-02-14 15:50:46.078: [INFO][Sync] ConfigurationDone, failed: , succeeded: , remaining count: 4
2025-02-14 15:50:46.078: [INFO][SyncManagerImpl::ConfigureSyncer] Types to download:  with reason: 5
2025-02-14 15:50:46.078: [INFO][SyncEngineBackend::DoFinishConfigureDataTypes] Failed to download types:  and succeeded types: 
2025-02-14 15:50:46.078: [INFO][Sync] ConfigurationDone, failed: , succeeded: , remaining count: 3
2025-02-14 15:50:46.078: [INFO][SyncManagerImpl::ConfigureSyncer] Types to download:  with reason: 5
2025-02-14 15:50:46.078: [INFO][SyncEngineBackend::DoFinishConfigureDataTypes] Failed to download types:  and succeeded types: 
2025-02-14 15:50:46.078: [INFO][Sync] ConfigurationDone, failed: , succeeded: , remaining count: 2
2025-02-14 15:50:46.078: [INFO][SyncManagerImpl::ConfigureSyncer] Types to download:  with reason: 5
2025-02-14 15:50:46.078: [INFO][SyncEngineBackend::DoFinishConfigureDataTypes] Failed to download types:  and succeeded types: 
2025-02-14 15:50:46.078: [INFO][Sync] ConfigurationDone, failed: , succeeded: , remaining count: 1
2025-02-14 15:50:46.080: [INFO][SyncManagerImpl::ConfigureSyncer] Types to download:  with reason: 5
2025-02-14 15:50:46.080: [INFO][SyncEngineBackend::DoFinishConfigureDataTypes] Failed to download types:  and succeeded types: 
2025-02-14 15:50:46.081: [INFO][Sync] ConfigurationDone, failed: , succeeded: , remaining count: 0
2025-02-14 15:50:46.082: [INFO][Sync]     Configuration completed, state: 7
2025-02-14 15:50:46.082: [INFO][Sync] Configured DataTypeManager: Ok
2025-02-14 15:50:46.084: [INFO][SyncEngineBackend::DoStartSyncing] Start syncing
2025-02-14 16:52:03.416: [INFO][Sync] Reset engine, reason: 0
2025-02-14 16:52:03.416: [INFO][Sync] Reset engine with reason: 0
